[2025-10-25 19:45:36Z INFO HostContext] No proxy settings were found based on environmental variables (http_proxy/https_proxy/HTTP_PROXY/HTTPS_PROXY)
[2025-10-25 19:45:36Z INFO HostContext] Well known directory 'Bin': 'C:\Users\CTecn\Desktop\ecommerce-microservice-backend-app\actions-runner\bin'
[2025-10-25 19:45:36Z INFO HostContext] Well known directory 'Root': 'C:\Users\CTecn\Desktop\ecommerce-microservice-backend-app\actions-runner'
[2025-10-25 19:45:36Z INFO HostContext] Well known config file 'Credentials': 'C:\Users\CTecn\Desktop\ecommerce-microservice-backend-app\actions-runner\.credentials'
[2025-10-25 19:45:36Z INFO HostContext] Well known directory 'Bin': 'C:\Users\CTecn\Desktop\ecommerce-microservice-backend-app\actions-runner\bin'
[2025-10-25 19:45:36Z INFO HostContext] Well known directory 'Root': 'C:\Users\CTecn\Desktop\ecommerce-microservice-backend-app\actions-runner'
[2025-10-25 19:45:36Z INFO HostContext] Well known config file 'Runner': 'C:\Users\CTecn\Desktop\ecommerce-microservice-backend-app\actions-runner\.runner'
[2025-10-25 19:45:36Z INFO Listener] Runner is built for Windows (X64) - win-x64.
[2025-10-25 19:45:36Z INFO Listener] RuntimeInformation: Microsoft Windows 10.0.22631.
[2025-10-25 19:45:36Z INFO Listener] Version: 2.329.0
[2025-10-25 19:45:36Z INFO Listener] Commit: c76c59996c8fa32e989164a5a695efb12608ae5a
[2025-10-25 19:45:36Z INFO Listener] Culture: es-CO
[2025-10-25 19:45:36Z INFO Listener] UI Culture: es-ES
[2025-10-25 19:45:36Z INFO HostContext] Well known directory 'Bin': 'C:\Users\CTecn\Desktop\ecommerce-microservice-backend-app\actions-runner\bin'
[2025-10-25 19:45:36Z INFO HostContext] Well known directory 'Root': 'C:\Users\CTecn\Desktop\ecommerce-microservice-backend-app\actions-runner'
[2025-10-25 19:45:36Z INFO Listener] Validating directory permissions for: 'C:\Users\CTecn\Desktop\ecommerce-microservice-backend-app\actions-runner'
[2025-10-25 19:45:36Z INFO CommandLineParser] Parse
[2025-10-25 19:45:36Z INFO CommandLineParser] Parsing 5 args
[2025-10-25 19:45:36Z INFO CommandLineParser] parsing argument
[2025-10-25 19:45:36Z INFO CommandLineParser] HasArgs: False
[2025-10-25 19:45:36Z INFO CommandLineParser] Adding Command: configure
[2025-10-25 19:45:36Z INFO CommandLineParser] parsing argument
[2025-10-25 19:45:36Z INFO CommandLineParser] HasArgs: True
[2025-10-25 19:45:36Z INFO CommandLineParser] arg: url
[2025-10-25 19:45:36Z INFO CommandLineParser] parsing argument
[2025-10-25 19:45:36Z INFO CommandLineParser] HasArgs: True
[2025-10-25 19:45:36Z INFO CommandLineParser] Adding option 'url': 'https://github.com/Freddyedd21/ecommerce-microservice-backend-app'
[2025-10-25 19:45:36Z INFO CommandLineParser] parsing argument
[2025-10-25 19:45:36Z INFO CommandLineParser] HasArgs: True
[2025-10-25 19:45:36Z INFO CommandLineParser] arg: token
[2025-10-25 19:45:36Z INFO CommandLineParser] parsing argument
[2025-10-25 19:45:36Z INFO CommandLineParser] HasArgs: True
[2025-10-25 19:45:36Z INFO CommandLineParser] Adding option 'token': '***'
[2025-10-25 19:45:36Z INFO Listener] Arguments parsed
[2025-10-25 19:45:36Z INFO Runner] ExecuteCommand
[2025-10-25 19:45:36Z INFO ConfigurationStore] currentAssemblyLocation: C:\Users\CTecn\Desktop\ecommerce-microservice-backend-app\actions-runner\bin\Runner.Listener.dll
[2025-10-25 19:45:36Z INFO HostContext] Well known directory 'Bin': 'C:\Users\CTecn\Desktop\ecommerce-microservice-backend-app\actions-runner\bin'
[2025-10-25 19:45:36Z INFO ConfigurationStore] binPath: C:\Users\CTecn\Desktop\ecommerce-microservice-backend-app\actions-runner\bin
[2025-10-25 19:45:36Z INFO HostContext] Well known directory 'Bin': 'C:\Users\CTecn\Desktop\ecommerce-microservice-backend-app\actions-runner\bin'
[2025-10-25 19:45:36Z INFO HostContext] Well known directory 'Root': 'C:\Users\CTecn\Desktop\ecommerce-microservice-backend-app\actions-runner'
[2025-10-25 19:45:36Z INFO ConfigurationStore] RootFolder: C:\Users\CTecn\Desktop\ecommerce-microservice-backend-app\actions-runner
[2025-10-25 19:45:36Z INFO HostContext] Well known directory 'Bin': 'C:\Users\CTecn\Desktop\ecommerce-microservice-backend-app\actions-runner\bin'
[2025-10-25 19:45:36Z INFO HostContext] Well known directory 'Root': 'C:\Users\CTecn\Desktop\ecommerce-microservice-backend-app\actions-runner'
[2025-10-25 19:45:36Z INFO HostContext] Well known config file 'Runner': 'C:\Users\CTecn\Desktop\ecommerce-microservice-backend-app\actions-runner\.runner'
[2025-10-25 19:45:36Z INFO ConfigurationStore] ConfigFilePath: C:\Users\CTecn\Desktop\ecommerce-microservice-backend-app\actions-runner\.runner
[2025-10-25 19:45:36Z INFO HostContext] Well known directory 'Bin': 'C:\Users\CTecn\Desktop\ecommerce-microservice-backend-app\actions-runner\bin'
[2025-10-25 19:45:36Z INFO HostContext] Well known directory 'Root': 'C:\Users\CTecn\Desktop\ecommerce-microservice-backend-app\actions-runner'
[2025-10-25 19:45:36Z INFO HostContext] Well known config file 'MigratedRunner': 'C:\Users\CTecn\Desktop\ecommerce-microservice-backend-app\actions-runner\.runner_migrated'
[2025-10-25 19:45:36Z INFO ConfigurationStore] MigratedConfigFilePath: C:\Users\CTecn\Desktop\ecommerce-microservice-backend-app\actions-runner\.runner_migrated
[2025-10-25 19:45:36Z INFO HostContext] Well known directory 'Bin': 'C:\Users\CTecn\Desktop\ecommerce-microservice-backend-app\actions-runner\bin'
[2025-10-25 19:45:36Z INFO HostContext] Well known directory 'Root': 'C:\Users\CTecn\Desktop\ecommerce-microservice-backend-app\actions-runner'
[2025-10-25 19:45:36Z INFO HostContext] Well known config file 'Credentials': 'C:\Users\CTecn\Desktop\ecommerce-microservice-backend-app\actions-runner\.credentials'
[2025-10-25 19:45:36Z INFO ConfigurationStore] CredFilePath: C:\Users\CTecn\Desktop\ecommerce-microservice-backend-app\actions-runner\.credentials
[2025-10-25 19:45:36Z INFO HostContext] Well known directory 'Bin': 'C:\Users\CTecn\Desktop\ecommerce-microservice-backend-app\actions-runner\bin'
[2025-10-25 19:45:36Z INFO HostContext] Well known directory 'Root': 'C:\Users\CTecn\Desktop\ecommerce-microservice-backend-app\actions-runner'
[2025-10-25 19:45:36Z INFO HostContext] Well known config file 'MigratedCredentials': 'C:\Users\CTecn\Desktop\ecommerce-microservice-backend-app\actions-runner\.credentials_migrated'
[2025-10-25 19:45:36Z INFO ConfigurationStore] MigratedCredFilePath: C:\Users\CTecn\Desktop\ecommerce-microservice-backend-app\actions-runner\.credentials_migrated
[2025-10-25 19:45:36Z INFO HostContext] Well known directory 'Bin': 'C:\Users\CTecn\Desktop\ecommerce-microservice-backend-app\actions-runner\bin'
[2025-10-25 19:45:36Z INFO HostContext] Well known directory 'Root': 'C:\Users\CTecn\Desktop\ecommerce-microservice-backend-app\actions-runner'
[2025-10-25 19:45:36Z INFO HostContext] Well known config file 'Service': 'C:\Users\CTecn\Desktop\ecommerce-microservice-backend-app\actions-runner\.service'
[2025-10-25 19:45:36Z INFO ConfigurationStore] ServiceConfigFilePath: C:\Users\CTecn\Desktop\ecommerce-microservice-backend-app\actions-runner\.service
[2025-10-25 19:45:36Z INFO CommandSettings] Flag 'help': 'False'
[2025-10-25 19:45:36Z INFO CommandSettings] Flag 'version': 'False'
[2025-10-25 19:45:36Z INFO CommandSettings] Flag 'commit': 'False'
[2025-10-25 19:45:36Z INFO CommandSettings] Flag 'check': 'False'
[2025-10-25 19:45:36Z INFO CommandSettings] Command 'configure': 'True'
[2025-10-25 19:45:36Z INFO Terminal] WRITE LINE: 
[2025-10-25 19:45:36Z INFO Terminal] WRITE LINE: --------------------------------------------------------------------------------
[2025-10-25 19:45:36Z INFO Terminal] WRITE LINE: |        ____ _ _   _   _       _          _        _   _                      |
[2025-10-25 19:45:36Z INFO Terminal] WRITE LINE: |       / ___(_) |_| | | |_   _| |__      / \   ___| |_(_) ___  _ __  ___      |
[2025-10-25 19:45:36Z INFO Terminal] WRITE LINE: |      | |  _| | __| |_| | | | | '_ \    / _ \ / __| __| |/ _ \| '_ \/ __|     |
[2025-10-25 19:45:36Z INFO Terminal] WRITE LINE: |      | |_| | | |_|  _  | |_| | |_) |  / ___ \ (__| |_| | (_) | | | \__ \     |
[2025-10-25 19:45:36Z INFO Terminal] WRITE LINE: |       \____|_|\__|_| |_|\__,_|_.__/  /_/   \_\___|\__|_|\___/|_| |_|___/     |
[2025-10-25 19:45:36Z INFO Terminal] WRITE LINE: |                                                                              |
[2025-10-25 19:45:36Z INFO Terminal] WRITE: |                       
[2025-10-25 19:45:36Z INFO Terminal] WRITE: Self-hosted runner registration
[2025-10-25 19:45:36Z INFO Terminal] WRITE LINE:                         |
[2025-10-25 19:45:36Z INFO Terminal] WRITE LINE: |                                                                              |
[2025-10-25 19:45:36Z INFO Terminal] WRITE LINE: --------------------------------------------------------------------------------
[2025-10-25 19:45:36Z INFO ConfigurationManager] ConfigureAsync
[2025-10-25 19:45:36Z INFO CommandSettings] Flag 'generateServiceConfig': 'False'
[2025-10-25 19:45:36Z INFO ConfigurationStore] IsConfigured()
[2025-10-25 19:45:36Z INFO ConfigurationStore] IsConfigured: True
[2025-10-25 19:45:36Z INFO ConfigurationManager] Is configured: True
[2025-10-25 19:45:36Z ERR  Runner] System.InvalidOperationException: Cannot configure the runner because it is already configured. To reconfigure the runner, run 'config.cmd remove' or './config.sh remove' first.
   at GitHub.Runner.Listener.Configuration.ConfigurationManager.ConfigureAsync(CommandSettings command)
   at GitHub.Runner.Listener.Runner.ExecuteCommand(CommandSettings command)
[2025-10-25 19:45:36Z ERR  Terminal] WRITE ERROR: Cannot configure the runner because it is already configured. To reconfigure the runner, run 'config.cmd remove' or './config.sh remove' first.
[2025-10-25 19:45:36Z INFO Listener] Runner execution has finished with return code 1
