[2025-10-25 19:54:13Z INFO HostContext] No proxy settings were found based on environmental variables (http_proxy/https_proxy/HTTP_PROXY/HTTPS_PROXY)
[2025-10-25 19:54:13Z INFO HostContext] Well known directory 'Bin': 'C:\Users\CTecn\Desktop\ecommerce-microservice-backend-app\actions-runner\bin'
[2025-10-25 19:54:13Z INFO HostContext] Well known directory 'Root': 'C:\Users\CTecn\Desktop\ecommerce-microservice-backend-app\actions-runner'
[2025-10-25 19:54:13Z INFO HostContext] Well known config file 'Credentials': 'C:\Users\CTecn\Desktop\ecommerce-microservice-backend-app\actions-runner\.credentials'
[2025-10-25 19:54:13Z INFO HostContext] Well known directory 'Bin': 'C:\Users\CTecn\Desktop\ecommerce-microservice-backend-app\actions-runner\bin'
[2025-10-25 19:54:13Z INFO HostContext] Well known directory 'Root': 'C:\Users\CTecn\Desktop\ecommerce-microservice-backend-app\actions-runner'
[2025-10-25 19:54:13Z INFO HostContext] Well known config file 'Runner': 'C:\Users\CTecn\Desktop\ecommerce-microservice-backend-app\actions-runner\.runner'
[2025-10-25 19:54:13Z INFO Listener] Runner is built for Windows (X64) - win-x64.
[2025-10-25 19:54:13Z INFO Listener] RuntimeInformation: Microsoft Windows 10.0.22631.
[2025-10-25 19:54:13Z INFO Listener] Version: 2.329.0
[2025-10-25 19:54:13Z INFO Listener] Commit: c76c59996c8fa32e989164a5a695efb12608ae5a
[2025-10-25 19:54:13Z INFO Listener] Culture: es-CO
[2025-10-25 19:54:13Z INFO Listener] UI Culture: es-ES
[2025-10-25 19:54:13Z INFO HostContext] Well known directory 'Bin': 'C:\Users\CTecn\Desktop\ecommerce-microservice-backend-app\actions-runner\bin'
[2025-10-25 19:54:13Z INFO HostContext] Well known directory 'Root': 'C:\Users\CTecn\Desktop\ecommerce-microservice-backend-app\actions-runner'
[2025-10-25 19:54:13Z INFO Listener] Validating directory permissions for: 'C:\Users\CTecn\Desktop\ecommerce-microservice-backend-app\actions-runner'
[2025-10-25 19:54:13Z INFO CommandLineParser] Parse
[2025-10-25 19:54:13Z INFO CommandLineParser] Parsing 1 args
[2025-10-25 19:54:13Z INFO CommandLineParser] parsing argument
[2025-10-25 19:54:13Z INFO CommandLineParser] HasArgs: False
[2025-10-25 19:54:13Z INFO CommandLineParser] Adding Command: run
[2025-10-25 19:54:13Z INFO Listener] Arguments parsed
[2025-10-25 19:54:13Z INFO Runner] ExecuteCommand
[2025-10-25 19:54:13Z INFO ConfigurationStore] currentAssemblyLocation: C:\Users\CTecn\Desktop\ecommerce-microservice-backend-app\actions-runner\bin\Runner.Listener.dll
[2025-10-25 19:54:13Z INFO HostContext] Well known directory 'Bin': 'C:\Users\CTecn\Desktop\ecommerce-microservice-backend-app\actions-runner\bin'
[2025-10-25 19:54:13Z INFO ConfigurationStore] binPath: C:\Users\CTecn\Desktop\ecommerce-microservice-backend-app\actions-runner\bin
[2025-10-25 19:54:13Z INFO HostContext] Well known directory 'Bin': 'C:\Users\CTecn\Desktop\ecommerce-microservice-backend-app\actions-runner\bin'
[2025-10-25 19:54:13Z INFO HostContext] Well known directory 'Root': 'C:\Users\CTecn\Desktop\ecommerce-microservice-backend-app\actions-runner'
[2025-10-25 19:54:13Z INFO ConfigurationStore] RootFolder: C:\Users\CTecn\Desktop\ecommerce-microservice-backend-app\actions-runner
[2025-10-25 19:54:13Z INFO HostContext] Well known directory 'Bin': 'C:\Users\CTecn\Desktop\ecommerce-microservice-backend-app\actions-runner\bin'
[2025-10-25 19:54:13Z INFO HostContext] Well known directory 'Root': 'C:\Users\CTecn\Desktop\ecommerce-microservice-backend-app\actions-runner'
[2025-10-25 19:54:13Z INFO HostContext] Well known config file 'Runner': 'C:\Users\CTecn\Desktop\ecommerce-microservice-backend-app\actions-runner\.runner'
[2025-10-25 19:54:13Z INFO ConfigurationStore] ConfigFilePath: C:\Users\CTecn\Desktop\ecommerce-microservice-backend-app\actions-runner\.runner
[2025-10-25 19:54:13Z INFO HostContext] Well known directory 'Bin': 'C:\Users\CTecn\Desktop\ecommerce-microservice-backend-app\actions-runner\bin'
[2025-10-25 19:54:13Z INFO HostContext] Well known directory 'Root': 'C:\Users\CTecn\Desktop\ecommerce-microservice-backend-app\actions-runner'
[2025-10-25 19:54:13Z INFO HostContext] Well known config file 'MigratedRunner': 'C:\Users\CTecn\Desktop\ecommerce-microservice-backend-app\actions-runner\.runner_migrated'
[2025-10-25 19:54:13Z INFO ConfigurationStore] MigratedConfigFilePath: C:\Users\CTecn\Desktop\ecommerce-microservice-backend-app\actions-runner\.runner_migrated
[2025-10-25 19:54:13Z INFO HostContext] Well known directory 'Bin': 'C:\Users\CTecn\Desktop\ecommerce-microservice-backend-app\actions-runner\bin'
[2025-10-25 19:54:13Z INFO HostContext] Well known directory 'Root': 'C:\Users\CTecn\Desktop\ecommerce-microservice-backend-app\actions-runner'
[2025-10-25 19:54:13Z INFO HostContext] Well known config file 'Credentials': 'C:\Users\CTecn\Desktop\ecommerce-microservice-backend-app\actions-runner\.credentials'
[2025-10-25 19:54:13Z INFO ConfigurationStore] CredFilePath: C:\Users\CTecn\Desktop\ecommerce-microservice-backend-app\actions-runner\.credentials
[2025-10-25 19:54:13Z INFO HostContext] Well known directory 'Bin': 'C:\Users\CTecn\Desktop\ecommerce-microservice-backend-app\actions-runner\bin'
[2025-10-25 19:54:13Z INFO HostContext] Well known directory 'Root': 'C:\Users\CTecn\Desktop\ecommerce-microservice-backend-app\actions-runner'
[2025-10-25 19:54:13Z INFO HostContext] Well known config file 'MigratedCredentials': 'C:\Users\CTecn\Desktop\ecommerce-microservice-backend-app\actions-runner\.credentials_migrated'
[2025-10-25 19:54:13Z INFO ConfigurationStore] MigratedCredFilePath: C:\Users\CTecn\Desktop\ecommerce-microservice-backend-app\actions-runner\.credentials_migrated
[2025-10-25 19:54:13Z INFO HostContext] Well known directory 'Bin': 'C:\Users\CTecn\Desktop\ecommerce-microservice-backend-app\actions-runner\bin'
[2025-10-25 19:54:13Z INFO HostContext] Well known directory 'Root': 'C:\Users\CTecn\Desktop\ecommerce-microservice-backend-app\actions-runner'
[2025-10-25 19:54:13Z INFO HostContext] Well known config file 'Service': 'C:\Users\CTecn\Desktop\ecommerce-microservice-backend-app\actions-runner\.service'
[2025-10-25 19:54:13Z INFO ConfigurationStore] ServiceConfigFilePath: C:\Users\CTecn\Desktop\ecommerce-microservice-backend-app\actions-runner\.service
[2025-10-25 19:54:13Z INFO CommandSettings] Flag 'help': 'False'
[2025-10-25 19:54:13Z INFO CommandSettings] Flag 'version': 'False'
[2025-10-25 19:54:13Z INFO CommandSettings] Flag 'commit': 'False'
[2025-10-25 19:54:13Z INFO CommandSettings] Flag 'check': 'False'
[2025-10-25 19:54:13Z INFO CommandSettings] Command 'configure': 'False'
[2025-10-25 19:54:13Z INFO CommandSettings] Command 'remove': 'False'
[2025-10-25 19:54:13Z INFO CommandSettings] Command 'warmup': 'False'
[2025-10-25 19:54:13Z INFO ConfigurationManager] LoadSettings
[2025-10-25 19:54:13Z INFO ConfigurationStore] IsConfigured()
[2025-10-25 19:54:13Z INFO ConfigurationStore] IsConfigured: True
[2025-10-25 19:54:13Z INFO ConfigurationManager] Is configured: True
[2025-10-25 19:54:13Z INFO ConfigurationStore] Read setting file: 421 chars
[2025-10-25 19:54:13Z INFO ConfigurationManager] Settings Loaded
[2025-10-25 19:54:13Z INFO ConfigurationStore] IsServiceConfigured()
[2025-10-25 19:54:13Z INFO ConfigurationStore] IsServiceConfigured: False
[2025-10-25 19:54:13Z INFO CommandSettings] Command 'run': 'True'
[2025-10-25 19:54:13Z INFO ConfigurationStore] IsConfigured()
[2025-10-25 19:54:13Z INFO ConfigurationStore] IsConfigured: True
[2025-10-25 19:54:13Z INFO ConfigurationManager] Is configured: True
[2025-10-25 19:54:13Z INFO Runner] Could not parse the argument value '' for StartupType. Defaulting to Manual
[2025-10-25 19:54:13Z INFO Runner] Set runner startup type - Manual
[2025-10-25 19:54:13Z INFO CommandSettings] Flag 'once': 'False'
[2025-10-25 19:54:13Z INFO CommandSettings] Flag 'once': 'False'
[2025-10-25 19:54:14Z INFO Runner] RunAsync
[2025-10-25 19:54:14Z INFO ConfigurationManager] LoadMigratedSettings
[2025-10-25 19:54:14Z INFO ConfigurationStore] IsMigratedConfigured()
[2025-10-25 19:54:14Z INFO ConfigurationStore] IsMigratedConfigured: False
[2025-10-25 19:54:14Z INFO Runner] Failed to load migrated settings: No migrated configuration found.
[2025-10-25 19:54:14Z INFO Runner] Falling back to original .runner settings
[2025-10-25 19:54:14Z INFO Runner] Using BrokerMessageListener
[2025-10-25 19:54:14Z INFO BrokerMessageListener] Using provided settings
[2025-10-25 19:54:14Z INFO BrokerMessageListener] {
  "AgentId": 4,
  "AgentName": "COMPUTECNICO",
  "PoolId": 1,
  "PoolName": "Default",
  "ServerUrl": "https://pipelinesghubeus7.actions.githubusercontent.com/a3H7VYbqk9a1dymGvyIFKoNDqxcGkAkEneoPM4SywrIm1wKxAD/",
  "GitHubUrl": "https://github.com/Freddyedd21/ecommerce-microservice-backend-app",
  "WorkFolder": "_work",
  "UseV2Flow": true,
  "ServerUrlV2": "https://broker.actions.githubusercontent.com/"
}
[2025-10-25 19:54:14Z INFO BrokerMessageListener] Loading Credentials
[2025-10-25 19:54:14Z INFO ConfigurationStore] HasCredentials()
[2025-10-25 19:54:14Z INFO ConfigurationStore] stored True
[2025-10-25 19:54:14Z INFO CredentialManager] GetCredentialProvider
[2025-10-25 19:54:14Z INFO CredentialManager] Creating type OAuth
[2025-10-25 19:54:14Z INFO CredentialManager] Creating credential type: OAuth
[2025-10-25 19:54:14Z INFO HostContext] Well known directory 'Bin': 'C:\Users\CTecn\Desktop\ecommerce-microservice-backend-app\actions-runner\bin'
[2025-10-25 19:54:14Z INFO HostContext] Well known directory 'Root': 'C:\Users\CTecn\Desktop\ecommerce-microservice-backend-app\actions-runner'
[2025-10-25 19:54:14Z INFO HostContext] Well known config file 'RSACredentials': 'C:\Users\CTecn\Desktop\ecommerce-microservice-backend-app\actions-runner\.credentials_rsaparams'
[2025-10-25 19:54:14Z INFO RSAEncryptedFileKeyManager] Loading RSA key parameters from file C:\Users\CTecn\Desktop\ecommerce-microservice-backend-app\actions-runner\.credentials_rsaparams
[2025-10-25 19:54:14Z INFO BrokerMessageListener] Attempt to create session.
[2025-10-25 19:54:14Z INFO BrokerMessageListener] Connecting to the Broker Server...
[2025-10-25 19:54:14Z INFO ConfigurationStore] HasCredentials()
[2025-10-25 19:54:14Z INFO ConfigurationStore] stored True
[2025-10-25 19:54:14Z INFO CredentialManager] GetCredentialProvider
[2025-10-25 19:54:14Z INFO CredentialManager] Creating type OAuth
[2025-10-25 19:54:14Z INFO CredentialManager] Creating credential type: OAuth
[2025-10-25 19:54:14Z INFO RSAEncryptedFileKeyManager] Loading RSA key parameters from file C:\Users\CTecn\Desktop\ecommerce-microservice-backend-app\actions-runner\.credentials_rsaparams
[2025-10-25 19:54:14Z INFO BrokerMessageListener] VssConnection created
[2025-10-25 19:54:14Z INFO BrokerMessageListener] Connecting to the Runner server...
[2025-10-25 19:54:14Z INFO RunnerServer] EstablishVssConnection
[2025-10-25 19:54:14Z INFO RunnerServer] Establish connection with 100 seconds timeout.
[2025-10-25 19:54:14Z INFO GitHubActionsService] Starting operation Location.GetConnectionData
[2025-10-25 19:54:14Z INFO RunnerServer] EstablishVssConnection
[2025-10-25 19:54:14Z INFO RunnerServer] Establish connection with 60 seconds timeout.
[2025-10-25 19:54:14Z INFO GitHubActionsService] Starting operation Location.GetConnectionData
[2025-10-25 19:54:14Z INFO RunnerServer] EstablishVssConnection
[2025-10-25 19:54:14Z INFO RunnerServer] Establish connection with 60 seconds timeout.
[2025-10-25 19:54:14Z INFO GitHubActionsService] Starting operation Location.GetConnectionData
[2025-10-25 19:54:14Z INFO GitHubActionsService] Finished operation Location.GetConnectionData
[2025-10-25 19:54:14Z INFO GitHubActionsService] Finished operation Location.GetConnectionData
[2025-10-25 19:54:14Z INFO GitHubActionsService] Finished operation Location.GetConnectionData
[2025-10-25 19:54:14Z INFO BrokerMessageListener] VssConnection created
[2025-10-25 19:54:14Z INFO Terminal] WRITE LINE: 
[2025-10-25 19:54:14Z INFO Terminal] WRITE LINE: 
[2025-10-25 19:54:14Z INFO RSAEncryptedFileKeyManager] Loading RSA key parameters from file C:\Users\CTecn\Desktop\ecommerce-microservice-backend-app\actions-runner\.credentials_rsaparams
[2025-10-25 19:54:15Z INFO RSAEncryptedFileKeyManager] Loading RSA key parameters from file C:\Users\CTecn\Desktop\ecommerce-microservice-backend-app\actions-runner\.credentials_rsaparams
[2025-10-25 19:54:15Z INFO GitHubActionsService] AAD Correlation ID for this token request: Unknown
[2025-10-25 19:54:15Z INFO BrokerMessageListener] Session created.
[2025-10-25 19:54:15Z INFO Terminal] WRITE LINE: Current runner version: '2.329.0'
[2025-10-25 19:54:15Z INFO Terminal] WRITE LINE: 2025-10-25 19:54:15Z: Listening for Jobs
[2025-10-25 19:54:15Z INFO JobDispatcher] Set runner/worker IPC timeout to 30 seconds.
[2025-10-25 20:14:17Z INFO ConfigurationStore] HasCredentials()
[2025-10-25 20:14:17Z INFO ConfigurationStore] stored True
[2025-10-25 20:14:17Z INFO CredentialManager] GetCredentialProvider
[2025-10-25 20:14:17Z INFO CredentialManager] Creating type OAuth
[2025-10-25 20:14:17Z INFO CredentialManager] Creating credential type: OAuth
[2025-10-25 20:14:17Z INFO RSAEncryptedFileKeyManager] Loading RSA key parameters from file C:\Users\CTecn\Desktop\ecommerce-microservice-backend-app\actions-runner\.credentials_rsaparams
[2025-10-25 20:14:17Z INFO RSAEncryptedFileKeyManager] Loading RSA key parameters from file C:\Users\CTecn\Desktop\ecommerce-microservice-backend-app\actions-runner\.credentials_rsaparams
[2025-10-25 20:14:17Z INFO RSAEncryptedFileKeyManager] Loading RSA key parameters from file C:\Users\CTecn\Desktop\ecommerce-microservice-backend-app\actions-runner\.credentials_rsaparams
[2025-10-25 20:14:18Z INFO GitHubActionsService] AAD Correlation ID for this token request: Unknown
[2025-10-25 20:14:19Z INFO JobDispatcher] Job request 0 for plan f5fbad68-ed72-4bc6-9606-19160e409555 job 39d8448f-364c-5ec3-99a6-542c60cc1719 received.
[2025-10-25 20:14:19Z INFO JobDispatcher] Pull OrchestrationId f5fbad68-ed72-4bc6-9606-19160e409555.build_push.__default from JWT claims
[2025-10-25 20:14:19Z INFO BrokerMessageListener] Received job status event. JobState: Busy
[2025-10-25 20:14:19Z INFO BrokerMessageListener] _getMessagesTokenSource is already disposed.
[2025-10-25 20:14:19Z INFO Terminal] WRITE LINE: 2025-10-25 20:14:19Z: Running job: build_push
[2025-10-25 20:14:19Z INFO JobDispatcher] Start renew job request 0 for job 39d8448f-364c-5ec3-99a6-542c60cc1719.
[2025-10-25 20:14:19Z INFO JobDispatcher] Successfully renew job 39d8448f-364c-5ec3-99a6-542c60cc1719, job is valid till 25/10/2025 8:24:18 p. m.
[2025-10-25 20:14:19Z INFO HostContext] Well known directory 'Bin': 'C:\Users\CTecn\Desktop\ecommerce-microservice-backend-app\actions-runner\bin'
[2025-10-25 20:14:19Z INFO ProcessInvokerWrapper] Starting process:
[2025-10-25 20:14:19Z INFO ProcessInvokerWrapper]   File name: 'C:\Users\CTecn\Desktop\ecommerce-microservice-backend-app\actions-runner\bin\Runner.Worker.exe'
[2025-10-25 20:14:19Z INFO ProcessInvokerWrapper]   Arguments: 'spawnclient 1816 2228'
[2025-10-25 20:14:19Z INFO ProcessInvokerWrapper]   Working directory: 'C:\Users\CTecn\Desktop\ecommerce-microservice-backend-app\actions-runner\bin'
[2025-10-25 20:14:19Z INFO ProcessInvokerWrapper]   Require exit code zero: 'False'
[2025-10-25 20:14:19Z INFO ProcessInvokerWrapper]   Encoding web name:  ; code page: ''
[2025-10-25 20:14:19Z INFO ProcessInvokerWrapper]   Force kill process on cancellation: 'True'
[2025-10-25 20:14:19Z INFO ProcessInvokerWrapper]   Redirected STDIN: 'False'
[2025-10-25 20:14:19Z INFO ProcessInvokerWrapper]   Persist current code page: 'False'
[2025-10-25 20:14:19Z INFO ProcessInvokerWrapper]   Keep redirected STDIN open: 'False'
[2025-10-25 20:14:19Z INFO ProcessInvokerWrapper]   High priority process: 'True'
[2025-10-25 20:14:19Z INFO ProcessInvokerWrapper] Process started with process id 19480, waiting for process exit.
[2025-10-25 20:14:19Z INFO JobDispatcher] Send job request message to worker for job 39d8448f-364c-5ec3-99a6-542c60cc1719.
[2025-10-25 20:14:19Z INFO ProcessChannel] Sending message of length 30470, with hash '7d0f07b5c79cd5ce46f84e96a35bfff1f8a390c8bca4dfb217270c2aeab8d22c'
[2025-10-25 20:14:20Z INFO JobNotification] Entering JobStarted Notification
[2025-10-25 20:14:20Z INFO JobNotification] Entering StartMonitor
[2025-10-25 20:15:19Z INFO JobDispatcher] Successfully renew job 39d8448f-364c-5ec3-99a6-542c60cc1719, job is valid till 25/10/2025 8:25:18 p. m.
[2025-10-25 20:15:20Z INFO ProcessInvokerWrapper] STDOUT/STDERR stream read finished.
[2025-10-25 20:15:20Z INFO ProcessInvokerWrapper] STDOUT/STDERR stream read finished.
[2025-10-25 20:15:20Z INFO ProcessInvokerWrapper] Finished process 19480 with exit code 102, and elapsed time 00:01:01.4728630.
[2025-10-25 20:15:20Z INFO JobDispatcher] Worker finished for job 39d8448f-364c-5ec3-99a6-542c60cc1719. Code: 102
[2025-10-25 20:15:20Z INFO JobDispatcher] finish job request for job 39d8448f-364c-5ec3-99a6-542c60cc1719 with result: Failed
[2025-10-25 20:15:20Z INFO Terminal] WRITE LINE: 2025-10-25 20:15:20Z: Job build_push completed with result: Failed
[2025-10-25 20:15:20Z INFO JobDispatcher] Stop renew job request for job 39d8448f-364c-5ec3-99a6-542c60cc1719.
[2025-10-25 20:15:20Z INFO JobDispatcher] job renew has been cancelled, stop renew job 39d8448f-364c-5ec3-99a6-542c60cc1719.
[2025-10-25 20:15:20Z INFO JobNotification] Entering JobCompleted Notification
[2025-10-25 20:15:20Z INFO JobNotification] Entering EndMonitor
[2025-10-25 20:15:20Z INFO BrokerMessageListener] Received job status event. JobState: Online
[2025-10-25 20:15:20Z WARN GitHubActionsService] GET request to https://broker.actions.githubusercontent.com/message?sessionId=071604aa-57bf-418b-9a7a-58a6937c2a64&status=Busy&runnerVersion=2.329.0&os=Windows&architecture=X64&disableUpdate=false has been cancelled.
[2025-10-25 20:15:20Z ERR  BrokerServer] Catch exception during request
[2025-10-25 20:15:20Z ERR  BrokerServer] System.Threading.Tasks.TaskCanceledException: The operation was canceled.
 ---> System.Threading.Tasks.TaskCanceledException: The operation was canceled.
 ---> System.IO.IOException: Unable to read data from the transport connection: La operación de E/S se anuló por una salida de subproceso o por una solicitud de aplicación..
 ---> System.Net.Sockets.SocketException (995): La operación de E/S se anuló por una salida de subproceso o por una solicitud de aplicación.
   --- End of inner exception stack trace ---
   at System.Net.Sockets.Socket.AwaitableSocketAsyncEventArgs.ThrowException(SocketError error, CancellationToken cancellationToken)
   at System.Net.Sockets.Socket.AwaitableSocketAsyncEventArgs.System.Threading.Tasks.Sources.IValueTaskSource<System.Int32>.GetResult(Int16 token)
   at System.Net.Security.SslStream.EnsureFullTlsFrameAsync[TIOAdapter](CancellationToken cancellationToken, Int32 estimatedSize)
   at System.Runtime.CompilerServices.PoolingAsyncValueTaskMethodBuilder`1.StateMachineBox`1.System.Threading.Tasks.Sources.IValueTaskSource<TResult>.GetResult(Int16 token)
   at System.Net.Security.SslStream.ReadAsyncInternal[TIOAdapter](Memory`1 buffer, CancellationToken cancellationToken)
   at System.Runtime.CompilerServices.PoolingAsyncValueTaskMethodBuilder`1.StateMachineBox`1.System.Threading.Tasks.Sources.IValueTaskSource<TResult>.GetResult(Int16 token)
   at System.Net.Http.HttpConnection.SendAsync(HttpRequestMessage request, Boolean async, CancellationToken cancellationToken)
   --- End of inner exception stack trace ---
   at System.Net.Http.HttpConnection.SendAsync(HttpRequestMessage request, Boolean async, CancellationToken cancellationToken)
   at System.Net.Http.AuthenticationHelper.SendWithNtAuthAsync(HttpRequestMessage request, Uri authUri, Boolean async, ICredentials credentials, Boolean isProxyAuth, HttpConnection connection, HttpConnectionPool connectionPool, CancellationToken cancellationToken)
   at System.Net.Http.HttpConnectionPool.SendWithVersionDetectionAndRetryAsync(HttpRequestMessage request, Boolean async, Boolean doRequestAuth, CancellationToken cancellationToken)
   at System.Net.Http.AuthenticationHelper.SendWithAuthAsync(HttpRequestMessage request, Uri authUri, Boolean async, ICredentials credentials, Boolean preAuthenticate, Boolean isProxyAuth, Boolean doRequestAuth, HttpConnectionPool pool, CancellationToken cancellationToken)
   at System.Net.Http.RedirectHandler.SendAsync(HttpRequestMessage request, Boolean async, CancellationToken cancellationToken)
   at GitHub.Services.Common.RawHttpMessageHandler.SendAsync(HttpRequestMessage request, CancellationToken cancellationToken)
   at GitHub.Services.Common.VssHttpRetryMessageHandler.SendAsync(HttpRequestMessage request, CancellationToken cancellationToken)
   at System.Net.Http.HttpClient.<SendAsync>g__Core|83_0(HttpRequestMessage request, HttpCompletionOption completionOption, CancellationTokenSource cts, Boolean disposeCts, CancellationTokenSource pendingRequestsCts, CancellationToken originalCancellationToken)
   --- End of inner exception stack trace ---
   at System.Net.Http.HttpClient.HandleFailure(Exception e, Boolean telemetryStarted, HttpResponseMessage response, CancellationTokenSource cts, CancellationToken cancellationToken, CancellationTokenSource pendingRequestsCts)
   at System.Net.Http.HttpClient.<SendAsync>g__Core|83_0(HttpRequestMessage request, HttpCompletionOption completionOption, CancellationTokenSource cts, Boolean disposeCts, CancellationTokenSource pendingRequestsCts, CancellationToken originalCancellationToken)
   at Sdk.WebApi.WebApi.RawHttpClientBase.SendAsync(HttpRequestMessage message, HttpCompletionOption completionOption, Object userState, CancellationToken cancellationToken)
   at Sdk.WebApi.WebApi.RawHttpClientBase.SendAsync[T](HttpRequestMessage message, Boolean readErrorBody, Object userState, CancellationToken cancellationToken)
   at Sdk.WebApi.WebApi.RawHttpClientBase.SendAsync[T](HttpMethod method, IEnumerable`1 additionalHeaders, Uri requestUri, HttpContent content, IEnumerable`1 queryParameters, Boolean readErrorBody, Object userState, CancellationToken cancellationToken)
   at GitHub.Actions.RunService.WebApi.BrokerHttpClient.GetRunnerMessageAsync(Nullable`1 sessionId, String runnerVersion, Nullable`1 status, String os, String architecture, Nullable`1 disableUpdate, CancellationToken cancellationToken)
   at GitHub.Runner.Common.BrokerServer.<>c__DisplayClass7_0.<<GetRunnerMessageAsync>b__0>d.MoveNext()
--- End of stack trace from previous location ---
   at GitHub.Runner.Common.RunnerService.RetryRequest[T](Func`1 func, CancellationToken cancellationToken, Int32 maxAttempts, Func`2 shouldRetry)
[2025-10-25 20:15:20Z ERR  BrokerServer] #####################################################
[2025-10-25 20:15:20Z ERR  BrokerServer] System.Threading.Tasks.TaskCanceledException: The operation was canceled.
 ---> System.IO.IOException: Unable to read data from the transport connection: La operación de E/S se anuló por una salida de subproceso o por una solicitud de aplicación..
 ---> System.Net.Sockets.SocketException (995): La operación de E/S se anuló por una salida de subproceso o por una solicitud de aplicación.
   --- End of inner exception stack trace ---
   at System.Net.Sockets.Socket.AwaitableSocketAsyncEventArgs.ThrowException(SocketError error, CancellationToken cancellationToken)
   at System.Net.Sockets.Socket.AwaitableSocketAsyncEventArgs.System.Threading.Tasks.Sources.IValueTaskSource<System.Int32>.GetResult(Int16 token)
   at System.Net.Security.SslStream.EnsureFullTlsFrameAsync[TIOAdapter](CancellationToken cancellationToken, Int32 estimatedSize)
   at System.Runtime.CompilerServices.PoolingAsyncValueTaskMethodBuilder`1.StateMachineBox`1.System.Threading.Tasks.Sources.IValueTaskSource<TResult>.GetResult(Int16 token)
   at System.Net.Security.SslStream.ReadAsyncInternal[TIOAdapter](Memory`1 buffer, CancellationToken cancellationToken)
   at System.Runtime.CompilerServices.PoolingAsyncValueTaskMethodBuilder`1.StateMachineBox`1.System.Threading.Tasks.Sources.IValueTaskSource<TResult>.GetResult(Int16 token)
   at System.Net.Http.HttpConnection.SendAsync(HttpRequestMessage request, Boolean async, CancellationToken cancellationToken)
   --- End of inner exception stack trace ---
   at System.Net.Http.HttpConnection.SendAsync(HttpRequestMessage request, Boolean async, CancellationToken cancellationToken)
   at System.Net.Http.AuthenticationHelper.SendWithNtAuthAsync(HttpRequestMessage request, Uri authUri, Boolean async, ICredentials credentials, Boolean isProxyAuth, HttpConnection connection, HttpConnectionPool connectionPool, CancellationToken cancellationToken)
   at System.Net.Http.HttpConnectionPool.SendWithVersionDetectionAndRetryAsync(HttpRequestMessage request, Boolean async, Boolean doRequestAuth, CancellationToken cancellationToken)
   at System.Net.Http.AuthenticationHelper.SendWithAuthAsync(HttpRequestMessage request, Uri authUri, Boolean async, ICredentials credentials, Boolean preAuthenticate, Boolean isProxyAuth, Boolean doRequestAuth, HttpConnectionPool pool, CancellationToken cancellationToken)
   at System.Net.Http.RedirectHandler.SendAsync(HttpRequestMessage request, Boolean async, CancellationToken cancellationToken)
   at GitHub.Services.Common.RawHttpMessageHandler.SendAsync(HttpRequestMessage request, CancellationToken cancellationToken)
   at GitHub.Services.Common.VssHttpRetryMessageHandler.SendAsync(HttpRequestMessage request, CancellationToken cancellationToken)
   at System.Net.Http.HttpClient.<SendAsync>g__Core|83_0(HttpRequestMessage request, HttpCompletionOption completionOption, CancellationTokenSource cts, Boolean disposeCts, CancellationTokenSource pendingRequestsCts, CancellationToken originalCancellationToken)
[2025-10-25 20:15:20Z ERR  BrokerServer] #####################################################
[2025-10-25 20:15:20Z ERR  BrokerServer] System.IO.IOException: Unable to read data from the transport connection: La operación de E/S se anuló por una salida de subproceso o por una solicitud de aplicación..
 ---> System.Net.Sockets.SocketException (995): La operación de E/S se anuló por una salida de subproceso o por una solicitud de aplicación.
   --- End of inner exception stack trace ---
   at System.Net.Sockets.Socket.AwaitableSocketAsyncEventArgs.ThrowException(SocketError error, CancellationToken cancellationToken)
   at System.Net.Sockets.Socket.AwaitableSocketAsyncEventArgs.System.Threading.Tasks.Sources.IValueTaskSource<System.Int32>.GetResult(Int16 token)
   at System.Net.Security.SslStream.EnsureFullTlsFrameAsync[TIOAdapter](CancellationToken cancellationToken, Int32 estimatedSize)
   at System.Runtime.CompilerServices.PoolingAsyncValueTaskMethodBuilder`1.StateMachineBox`1.System.Threading.Tasks.Sources.IValueTaskSource<TResult>.GetResult(Int16 token)
   at System.Net.Security.SslStream.ReadAsyncInternal[TIOAdapter](Memory`1 buffer, CancellationToken cancellationToken)
   at System.Runtime.CompilerServices.PoolingAsyncValueTaskMethodBuilder`1.StateMachineBox`1.System.Threading.Tasks.Sources.IValueTaskSource<TResult>.GetResult(Int16 token)
   at System.Net.Http.HttpConnection.SendAsync(HttpRequestMessage request, Boolean async, CancellationToken cancellationToken)
[2025-10-25 20:15:20Z ERR  BrokerServer] #####################################################
[2025-10-25 20:15:20Z ERR  BrokerServer] System.Net.Sockets.SocketException (995): La operación de E/S se anuló por una salida de subproceso o por una solicitud de aplicación.
[2025-10-25 20:15:20Z WARN BrokerServer] Back off 13,488 seconds before next retry. 4 attempt left.
[2025-10-25 20:15:20Z INFO BrokerMessageListener] Get messages has been cancelled using local token source. Continue to get messages with new status.
[2025-10-25 20:15:21Z INFO ConfigurationStore] HasCredentials()
[2025-10-25 20:15:21Z INFO ConfigurationStore] stored True
[2025-10-25 20:15:21Z INFO CredentialManager] GetCredentialProvider
[2025-10-25 20:15:21Z INFO CredentialManager] Creating type OAuth
[2025-10-25 20:15:21Z INFO CredentialManager] Creating credential type: OAuth
[2025-10-25 20:15:21Z INFO RSAEncryptedFileKeyManager] Loading RSA key parameters from file C:\Users\CTecn\Desktop\ecommerce-microservice-backend-app\actions-runner\.credentials_rsaparams
[2025-10-25 20:15:21Z INFO RSAEncryptedFileKeyManager] Loading RSA key parameters from file C:\Users\CTecn\Desktop\ecommerce-microservice-backend-app\actions-runner\.credentials_rsaparams
[2025-10-25 20:15:21Z INFO RSAEncryptedFileKeyManager] Loading RSA key parameters from file C:\Users\CTecn\Desktop\ecommerce-microservice-backend-app\actions-runner\.credentials_rsaparams
[2025-10-25 20:15:21Z INFO GitHubActionsService] AAD Correlation ID for this token request: Unknown
[2025-10-25 20:15:22Z INFO JobDispatcher] Job request 0 for plan 1c609136-22e1-48a9-9aa4-47dd2587679e job ca71e3fa-dec9-5dde-ae56-d0eac8ff48bd received.
[2025-10-25 20:15:22Z INFO JobDispatcher] Pull OrchestrationId 1c609136-22e1-48a9-9aa4-47dd2587679e.build_push.__default from JWT claims
[2025-10-25 20:15:22Z INFO BrokerMessageListener] Received job status event. JobState: Busy
[2025-10-25 20:15:22Z INFO BrokerMessageListener] _getMessagesTokenSource is already disposed.
[2025-10-25 20:15:22Z INFO JobDispatcher] Job request 39d8448f-364c-5ec3-99a6-542c60cc1719 processed succeed.
[2025-10-25 20:15:22Z INFO Terminal] WRITE LINE: 2025-10-25 20:15:22Z: Running job: build_push
[2025-10-25 20:15:22Z INFO JobDispatcher] Start renew job request 0 for job ca71e3fa-dec9-5dde-ae56-d0eac8ff48bd.
[2025-10-25 20:15:22Z INFO JobDispatcher] Successfully renew job ca71e3fa-dec9-5dde-ae56-d0eac8ff48bd, job is valid till 25/10/2025 8:25:21 p. m.
[2025-10-25 20:15:22Z INFO HostContext] Well known directory 'Bin': 'C:\Users\CTecn\Desktop\ecommerce-microservice-backend-app\actions-runner\bin'
[2025-10-25 20:15:22Z INFO ProcessInvokerWrapper] Starting process:
[2025-10-25 20:15:22Z INFO ProcessInvokerWrapper]   File name: 'C:\Users\CTecn\Desktop\ecommerce-microservice-backend-app\actions-runner\bin\Runner.Worker.exe'
[2025-10-25 20:15:22Z INFO ProcessInvokerWrapper]   Arguments: 'spawnclient 2012 2000'
[2025-10-25 20:15:22Z INFO ProcessInvokerWrapper]   Working directory: 'C:\Users\CTecn\Desktop\ecommerce-microservice-backend-app\actions-runner\bin'
[2025-10-25 20:15:22Z INFO ProcessInvokerWrapper]   Require exit code zero: 'False'
[2025-10-25 20:15:22Z INFO ProcessInvokerWrapper]   Encoding web name:  ; code page: ''
[2025-10-25 20:15:22Z INFO ProcessInvokerWrapper]   Force kill process on cancellation: 'True'
[2025-10-25 20:15:22Z INFO ProcessInvokerWrapper]   Redirected STDIN: 'False'
[2025-10-25 20:15:22Z INFO ProcessInvokerWrapper]   Persist current code page: 'False'
[2025-10-25 20:15:22Z INFO ProcessInvokerWrapper]   Keep redirected STDIN open: 'False'
[2025-10-25 20:15:22Z INFO ProcessInvokerWrapper]   High priority process: 'True'
[2025-10-25 20:15:22Z INFO ProcessInvokerWrapper] Process started with process id 19340, waiting for process exit.
[2025-10-25 20:15:22Z INFO JobDispatcher] Send job request message to worker for job ca71e3fa-dec9-5dde-ae56-d0eac8ff48bd.
[2025-10-25 20:15:22Z INFO ProcessChannel] Sending message of length 30486, with hash 'bb3c1170de74d24e67a86de937faf6ecfd32876cb56faf184743e2979b026fd0'
[2025-10-25 20:15:23Z INFO JobNotification] Entering JobStarted Notification
[2025-10-25 20:15:23Z INFO JobNotification] Entering StartMonitor
[2025-10-25 20:16:22Z INFO JobDispatcher] Successfully renew job ca71e3fa-dec9-5dde-ae56-d0eac8ff48bd, job is valid till 25/10/2025 8:26:21 p. m.
[2025-10-25 20:17:22Z INFO JobDispatcher] Successfully renew job ca71e3fa-dec9-5dde-ae56-d0eac8ff48bd, job is valid till 25/10/2025 8:27:22 p. m.
[2025-10-25 20:18:23Z INFO JobDispatcher] Successfully renew job ca71e3fa-dec9-5dde-ae56-d0eac8ff48bd, job is valid till 25/10/2025 8:28:22 p. m.
[2025-10-25 20:19:18Z INFO ProcessInvokerWrapper] STDOUT/STDERR stream read finished.
[2025-10-25 20:19:18Z INFO ProcessInvokerWrapper] STDOUT/STDERR stream read finished.
[2025-10-25 20:19:18Z INFO ProcessInvokerWrapper] Finished process 19340 with exit code 102, and elapsed time 00:03:55.4783198.
[2025-10-25 20:19:18Z INFO JobDispatcher] Worker finished for job ca71e3fa-dec9-5dde-ae56-d0eac8ff48bd. Code: 102
[2025-10-25 20:19:18Z INFO JobDispatcher] finish job request for job ca71e3fa-dec9-5dde-ae56-d0eac8ff48bd with result: Failed
[2025-10-25 20:19:18Z INFO Terminal] WRITE LINE: 2025-10-25 20:19:18Z: Job build_push completed with result: Failed
[2025-10-25 20:19:18Z INFO JobDispatcher] Stop renew job request for job ca71e3fa-dec9-5dde-ae56-d0eac8ff48bd.
[2025-10-25 20:19:18Z INFO JobDispatcher] job renew has been cancelled, stop renew job ca71e3fa-dec9-5dde-ae56-d0eac8ff48bd.
[2025-10-25 20:19:18Z INFO JobNotification] Entering JobCompleted Notification
[2025-10-25 20:19:18Z INFO JobNotification] Entering EndMonitor
[2025-10-25 20:19:18Z INFO BrokerMessageListener] Received job status event. JobState: Online
[2025-10-25 20:19:18Z WARN GitHubActionsService] GET request to https://broker.actions.githubusercontent.com/message?sessionId=071604aa-57bf-418b-9a7a-58a6937c2a64&status=Busy&runnerVersion=2.329.0&os=Windows&architecture=X64&disableUpdate=false has been cancelled.
[2025-10-25 20:19:18Z ERR  BrokerServer] Catch exception during request
[2025-10-25 20:19:18Z ERR  BrokerServer] System.Threading.Tasks.TaskCanceledException: The operation was canceled.
 ---> System.Threading.Tasks.TaskCanceledException: The operation was canceled.
 ---> System.IO.IOException: Unable to read data from the transport connection: La operación de E/S se anuló por una salida de subproceso o por una solicitud de aplicación..
 ---> System.Net.Sockets.SocketException (995): La operación de E/S se anuló por una salida de subproceso o por una solicitud de aplicación.
   --- End of inner exception stack trace ---
   at System.Net.Sockets.Socket.AwaitableSocketAsyncEventArgs.ThrowException(SocketError error, CancellationToken cancellationToken)
   at System.Net.Sockets.Socket.AwaitableSocketAsyncEventArgs.System.Threading.Tasks.Sources.IValueTaskSource<System.Int32>.GetResult(Int16 token)
   at System.Net.Security.SslStream.EnsureFullTlsFrameAsync[TIOAdapter](CancellationToken cancellationToken, Int32 estimatedSize)
   at System.Runtime.CompilerServices.PoolingAsyncValueTaskMethodBuilder`1.StateMachineBox`1.System.Threading.Tasks.Sources.IValueTaskSource<TResult>.GetResult(Int16 token)
   at System.Net.Security.SslStream.ReadAsyncInternal[TIOAdapter](Memory`1 buffer, CancellationToken cancellationToken)
   at System.Runtime.CompilerServices.PoolingAsyncValueTaskMethodBuilder`1.StateMachineBox`1.System.Threading.Tasks.Sources.IValueTaskSource<TResult>.GetResult(Int16 token)
   at System.Net.Http.HttpConnection.SendAsync(HttpRequestMessage request, Boolean async, CancellationToken cancellationToken)
   --- End of inner exception stack trace ---
   at System.Net.Http.HttpConnection.SendAsync(HttpRequestMessage request, Boolean async, CancellationToken cancellationToken)
   at System.Net.Http.AuthenticationHelper.SendWithNtAuthAsync(HttpRequestMessage request, Uri authUri, Boolean async, ICredentials credentials, Boolean isProxyAuth, HttpConnection connection, HttpConnectionPool connectionPool, CancellationToken cancellationToken)
   at System.Net.Http.HttpConnectionPool.SendWithVersionDetectionAndRetryAsync(HttpRequestMessage request, Boolean async, Boolean doRequestAuth, CancellationToken cancellationToken)
   at System.Net.Http.AuthenticationHelper.SendWithAuthAsync(HttpRequestMessage request, Uri authUri, Boolean async, ICredentials credentials, Boolean preAuthenticate, Boolean isProxyAuth, Boolean doRequestAuth, HttpConnectionPool pool, CancellationToken cancellationToken)
   at System.Net.Http.RedirectHandler.SendAsync(HttpRequestMessage request, Boolean async, CancellationToken cancellationToken)
   at GitHub.Services.Common.RawHttpMessageHandler.SendAsync(HttpRequestMessage request, CancellationToken cancellationToken)
   at GitHub.Services.Common.VssHttpRetryMessageHandler.SendAsync(HttpRequestMessage request, CancellationToken cancellationToken)
   at System.Net.Http.HttpClient.<SendAsync>g__Core|83_0(HttpRequestMessage request, HttpCompletionOption completionOption, CancellationTokenSource cts, Boolean disposeCts, CancellationTokenSource pendingRequestsCts, CancellationToken originalCancellationToken)
   --- End of inner exception stack trace ---
   at System.Net.Http.HttpClient.HandleFailure(Exception e, Boolean telemetryStarted, HttpResponseMessage response, CancellationTokenSource cts, CancellationToken cancellationToken, CancellationTokenSource pendingRequestsCts)
   at System.Net.Http.HttpClient.<SendAsync>g__Core|83_0(HttpRequestMessage request, HttpCompletionOption completionOption, CancellationTokenSource cts, Boolean disposeCts, CancellationTokenSource pendingRequestsCts, CancellationToken originalCancellationToken)
   at Sdk.WebApi.WebApi.RawHttpClientBase.SendAsync(HttpRequestMessage message, HttpCompletionOption completionOption, Object userState, CancellationToken cancellationToken)
   at Sdk.WebApi.WebApi.RawHttpClientBase.SendAsync[T](HttpRequestMessage message, Boolean readErrorBody, Object userState, CancellationToken cancellationToken)
   at Sdk.WebApi.WebApi.RawHttpClientBase.SendAsync[T](HttpMethod method, IEnumerable`1 additionalHeaders, Uri requestUri, HttpContent content, IEnumerable`1 queryParameters, Boolean readErrorBody, Object userState, CancellationToken cancellationToken)
   at GitHub.Actions.RunService.WebApi.BrokerHttpClient.GetRunnerMessageAsync(Nullable`1 sessionId, String runnerVersion, Nullable`1 status, String os, String architecture, Nullable`1 disableUpdate, CancellationToken cancellationToken)
   at GitHub.Runner.Common.BrokerServer.<>c__DisplayClass7_0.<<GetRunnerMessageAsync>b__0>d.MoveNext()
--- End of stack trace from previous location ---
   at GitHub.Runner.Common.RunnerService.RetryRequest[T](Func`1 func, CancellationToken cancellationToken, Int32 maxAttempts, Func`2 shouldRetry)
[2025-10-25 20:19:18Z ERR  BrokerServer] #####################################################
[2025-10-25 20:19:18Z ERR  BrokerServer] System.Threading.Tasks.TaskCanceledException: The operation was canceled.
 ---> System.IO.IOException: Unable to read data from the transport connection: La operación de E/S se anuló por una salida de subproceso o por una solicitud de aplicación..
 ---> System.Net.Sockets.SocketException (995): La operación de E/S se anuló por una salida de subproceso o por una solicitud de aplicación.
   --- End of inner exception stack trace ---
   at System.Net.Sockets.Socket.AwaitableSocketAsyncEventArgs.ThrowException(SocketError error, CancellationToken cancellationToken)
   at System.Net.Sockets.Socket.AwaitableSocketAsyncEventArgs.System.Threading.Tasks.Sources.IValueTaskSource<System.Int32>.GetResult(Int16 token)
   at System.Net.Security.SslStream.EnsureFullTlsFrameAsync[TIOAdapter](CancellationToken cancellationToken, Int32 estimatedSize)
   at System.Runtime.CompilerServices.PoolingAsyncValueTaskMethodBuilder`1.StateMachineBox`1.System.Threading.Tasks.Sources.IValueTaskSource<TResult>.GetResult(Int16 token)
   at System.Net.Security.SslStream.ReadAsyncInternal[TIOAdapter](Memory`1 buffer, CancellationToken cancellationToken)
   at System.Runtime.CompilerServices.PoolingAsyncValueTaskMethodBuilder`1.StateMachineBox`1.System.Threading.Tasks.Sources.IValueTaskSource<TResult>.GetResult(Int16 token)
   at System.Net.Http.HttpConnection.SendAsync(HttpRequestMessage request, Boolean async, CancellationToken cancellationToken)
   --- End of inner exception stack trace ---
   at System.Net.Http.HttpConnection.SendAsync(HttpRequestMessage request, Boolean async, CancellationToken cancellationToken)
   at System.Net.Http.AuthenticationHelper.SendWithNtAuthAsync(HttpRequestMessage request, Uri authUri, Boolean async, ICredentials credentials, Boolean isProxyAuth, HttpConnection connection, HttpConnectionPool connectionPool, CancellationToken cancellationToken)
   at System.Net.Http.HttpConnectionPool.SendWithVersionDetectionAndRetryAsync(HttpRequestMessage request, Boolean async, Boolean doRequestAuth, CancellationToken cancellationToken)
   at System.Net.Http.AuthenticationHelper.SendWithAuthAsync(HttpRequestMessage request, Uri authUri, Boolean async, ICredentials credentials, Boolean preAuthenticate, Boolean isProxyAuth, Boolean doRequestAuth, HttpConnectionPool pool, CancellationToken cancellationToken)
   at System.Net.Http.RedirectHandler.SendAsync(HttpRequestMessage request, Boolean async, CancellationToken cancellationToken)
   at GitHub.Services.Common.RawHttpMessageHandler.SendAsync(HttpRequestMessage request, CancellationToken cancellationToken)
   at GitHub.Services.Common.VssHttpRetryMessageHandler.SendAsync(HttpRequestMessage request, CancellationToken cancellationToken)
   at System.Net.Http.HttpClient.<SendAsync>g__Core|83_0(HttpRequestMessage request, HttpCompletionOption completionOption, CancellationTokenSource cts, Boolean disposeCts, CancellationTokenSource pendingRequestsCts, CancellationToken originalCancellationToken)
[2025-10-25 20:19:18Z ERR  BrokerServer] #####################################################
[2025-10-25 20:19:18Z ERR  BrokerServer] System.IO.IOException: Unable to read data from the transport connection: La operación de E/S se anuló por una salida de subproceso o por una solicitud de aplicación..
 ---> System.Net.Sockets.SocketException (995): La operación de E/S se anuló por una salida de subproceso o por una solicitud de aplicación.
   --- End of inner exception stack trace ---
   at System.Net.Sockets.Socket.AwaitableSocketAsyncEventArgs.ThrowException(SocketError error, CancellationToken cancellationToken)
   at System.Net.Sockets.Socket.AwaitableSocketAsyncEventArgs.System.Threading.Tasks.Sources.IValueTaskSource<System.Int32>.GetResult(Int16 token)
   at System.Net.Security.SslStream.EnsureFullTlsFrameAsync[TIOAdapter](CancellationToken cancellationToken, Int32 estimatedSize)
   at System.Runtime.CompilerServices.PoolingAsyncValueTaskMethodBuilder`1.StateMachineBox`1.System.Threading.Tasks.Sources.IValueTaskSource<TResult>.GetResult(Int16 token)
   at System.Net.Security.SslStream.ReadAsyncInternal[TIOAdapter](Memory`1 buffer, CancellationToken cancellationToken)
   at System.Runtime.CompilerServices.PoolingAsyncValueTaskMethodBuilder`1.StateMachineBox`1.System.Threading.Tasks.Sources.IValueTaskSource<TResult>.GetResult(Int16 token)
   at System.Net.Http.HttpConnection.SendAsync(HttpRequestMessage request, Boolean async, CancellationToken cancellationToken)
[2025-10-25 20:19:18Z ERR  BrokerServer] #####################################################
[2025-10-25 20:19:18Z ERR  BrokerServer] System.Net.Sockets.SocketException (995): La operación de E/S se anuló por una salida de subproceso o por una solicitud de aplicación.
[2025-10-25 20:19:18Z WARN BrokerServer] Back off 7,867 seconds before next retry. 4 attempt left.
[2025-10-25 20:19:18Z INFO BrokerMessageListener] Get messages has been cancelled using local token source. Continue to get messages with new status.
[2025-10-25 20:19:18Z INFO ConfigurationStore] HasCredentials()
[2025-10-25 20:19:18Z INFO ConfigurationStore] stored True
[2025-10-25 20:19:18Z INFO CredentialManager] GetCredentialProvider
[2025-10-25 20:19:18Z INFO CredentialManager] Creating type OAuth
[2025-10-25 20:19:18Z INFO CredentialManager] Creating credential type: OAuth
[2025-10-25 20:19:18Z INFO RSAEncryptedFileKeyManager] Loading RSA key parameters from file C:\Users\CTecn\Desktop\ecommerce-microservice-backend-app\actions-runner\.credentials_rsaparams
[2025-10-25 20:19:18Z INFO RSAEncryptedFileKeyManager] Loading RSA key parameters from file C:\Users\CTecn\Desktop\ecommerce-microservice-backend-app\actions-runner\.credentials_rsaparams
[2025-10-25 20:19:18Z INFO RSAEncryptedFileKeyManager] Loading RSA key parameters from file C:\Users\CTecn\Desktop\ecommerce-microservice-backend-app\actions-runner\.credentials_rsaparams
[2025-10-25 20:19:18Z INFO GitHubActionsService] AAD Correlation ID for this token request: Unknown
[2025-10-25 20:19:19Z INFO JobDispatcher] Job request 0 for plan 7a4c7cd9-56f7-4342-8999-7b5aab9a79e4 job 1728096a-0b18-506d-b9be-1d0ea75c1879 received.
[2025-10-25 20:19:19Z INFO JobDispatcher] Pull OrchestrationId 7a4c7cd9-56f7-4342-8999-7b5aab9a79e4.build_push.__default from JWT claims
[2025-10-25 20:19:19Z INFO BrokerMessageListener] Received job status event. JobState: Busy
[2025-10-25 20:19:19Z INFO BrokerMessageListener] _getMessagesTokenSource is already disposed.
[2025-10-25 20:19:19Z INFO JobDispatcher] Job request ca71e3fa-dec9-5dde-ae56-d0eac8ff48bd processed succeed.
[2025-10-25 20:19:19Z INFO Terminal] WRITE LINE: 2025-10-25 20:19:19Z: Running job: build_push
[2025-10-25 20:19:19Z INFO JobDispatcher] Start renew job request 0 for job 1728096a-0b18-506d-b9be-1d0ea75c1879.
[2025-10-25 20:19:20Z INFO JobDispatcher] Successfully renew job 1728096a-0b18-506d-b9be-1d0ea75c1879, job is valid till 25/10/2025 8:29:19 p. m.
[2025-10-25 20:19:20Z INFO HostContext] Well known directory 'Bin': 'C:\Users\CTecn\Desktop\ecommerce-microservice-backend-app\actions-runner\bin'
[2025-10-25 20:19:20Z INFO ProcessInvokerWrapper] Starting process:
[2025-10-25 20:19:20Z INFO ProcessInvokerWrapper]   File name: 'C:\Users\CTecn\Desktop\ecommerce-microservice-backend-app\actions-runner\bin\Runner.Worker.exe'
[2025-10-25 20:19:20Z INFO ProcessInvokerWrapper]   Arguments: 'spawnclient 2280 1436'
[2025-10-25 20:19:20Z INFO ProcessInvokerWrapper]   Working directory: 'C:\Users\CTecn\Desktop\ecommerce-microservice-backend-app\actions-runner\bin'
[2025-10-25 20:19:20Z INFO ProcessInvokerWrapper]   Require exit code zero: 'False'
[2025-10-25 20:19:20Z INFO ProcessInvokerWrapper]   Encoding web name:  ; code page: ''
[2025-10-25 20:19:20Z INFO ProcessInvokerWrapper]   Force kill process on cancellation: 'True'
[2025-10-25 20:19:20Z INFO ProcessInvokerWrapper]   Redirected STDIN: 'False'
[2025-10-25 20:19:20Z INFO ProcessInvokerWrapper]   Persist current code page: 'False'
[2025-10-25 20:19:20Z INFO ProcessInvokerWrapper]   Keep redirected STDIN open: 'False'
[2025-10-25 20:19:20Z INFO ProcessInvokerWrapper]   High priority process: 'True'
[2025-10-25 20:19:20Z INFO ProcessInvokerWrapper] Process started with process id 5444, waiting for process exit.
[2025-10-25 20:19:20Z INFO JobDispatcher] Send job request message to worker for job 1728096a-0b18-506d-b9be-1d0ea75c1879.
[2025-10-25 20:19:20Z INFO ProcessChannel] Sending message of length 30446, with hash '65cfec03fc7aca5da2fff080f217be82d204e65fb793d0bf34d100152a0e942c'
[2025-10-25 20:19:20Z INFO JobNotification] Entering JobStarted Notification
[2025-10-25 20:19:20Z INFO JobNotification] Entering StartMonitor
[2025-10-25 20:20:19Z INFO ProcessInvokerWrapper] STDOUT/STDERR stream read finished.
[2025-10-25 20:20:19Z INFO ProcessInvokerWrapper] STDOUT/STDERR stream read finished.
[2025-10-25 20:20:19Z INFO ProcessInvokerWrapper] Finished process 5444 with exit code 102, and elapsed time 00:00:59.0971900.
[2025-10-25 20:20:19Z INFO JobDispatcher] Worker finished for job 1728096a-0b18-506d-b9be-1d0ea75c1879. Code: 102
[2025-10-25 20:20:19Z INFO JobDispatcher] finish job request for job 1728096a-0b18-506d-b9be-1d0ea75c1879 with result: Failed
[2025-10-25 20:20:19Z INFO Terminal] WRITE LINE: 2025-10-25 20:20:19Z: Job build_push completed with result: Failed
[2025-10-25 20:20:19Z INFO JobDispatcher] Stop renew job request for job 1728096a-0b18-506d-b9be-1d0ea75c1879.
[2025-10-25 20:20:19Z INFO JobDispatcher] job renew has been cancelled, stop renew job 1728096a-0b18-506d-b9be-1d0ea75c1879.
[2025-10-25 20:20:19Z INFO JobNotification] Entering JobCompleted Notification
[2025-10-25 20:20:19Z INFO JobNotification] Entering EndMonitor
[2025-10-25 20:20:19Z INFO BrokerMessageListener] Received job status event. JobState: Online
[2025-10-25 20:20:19Z WARN GitHubActionsService] GET request to https://broker.actions.githubusercontent.com/message?sessionId=071604aa-57bf-418b-9a7a-58a6937c2a64&status=Busy&runnerVersion=2.329.0&os=Windows&architecture=X64&disableUpdate=false has been cancelled.
[2025-10-25 20:20:19Z ERR  BrokerServer] Catch exception during request
[2025-10-25 20:20:19Z ERR  BrokerServer] System.Threading.Tasks.TaskCanceledException: The operation was canceled.
 ---> System.Threading.Tasks.TaskCanceledException: The operation was canceled.
 ---> System.IO.IOException: Unable to read data from the transport connection: La operación de E/S se anuló por una salida de subproceso o por una solicitud de aplicación..
 ---> System.Net.Sockets.SocketException (995): La operación de E/S se anuló por una salida de subproceso o por una solicitud de aplicación.
   --- End of inner exception stack trace ---
   at System.Net.Sockets.Socket.AwaitableSocketAsyncEventArgs.ThrowException(SocketError error, CancellationToken cancellationToken)
   at System.Net.Sockets.Socket.AwaitableSocketAsyncEventArgs.System.Threading.Tasks.Sources.IValueTaskSource<System.Int32>.GetResult(Int16 token)
   at System.Net.Security.SslStream.EnsureFullTlsFrameAsync[TIOAdapter](CancellationToken cancellationToken, Int32 estimatedSize)
   at System.Runtime.CompilerServices.PoolingAsyncValueTaskMethodBuilder`1.StateMachineBox`1.System.Threading.Tasks.Sources.IValueTaskSource<TResult>.GetResult(Int16 token)
   at System.Net.Security.SslStream.ReadAsyncInternal[TIOAdapter](Memory`1 buffer, CancellationToken cancellationToken)
   at System.Runtime.CompilerServices.PoolingAsyncValueTaskMethodBuilder`1.StateMachineBox`1.System.Threading.Tasks.Sources.IValueTaskSource<TResult>.GetResult(Int16 token)
   at System.Net.Http.HttpConnection.SendAsync(HttpRequestMessage request, Boolean async, CancellationToken cancellationToken)
   --- End of inner exception stack trace ---
   at System.Net.Http.HttpConnection.SendAsync(HttpRequestMessage request, Boolean async, CancellationToken cancellationToken)
   at System.Net.Http.AuthenticationHelper.SendWithNtAuthAsync(HttpRequestMessage request, Uri authUri, Boolean async, ICredentials credentials, Boolean isProxyAuth, HttpConnection connection, HttpConnectionPool connectionPool, CancellationToken cancellationToken)
   at System.Net.Http.HttpConnectionPool.SendWithVersionDetectionAndRetryAsync(HttpRequestMessage request, Boolean async, Boolean doRequestAuth, CancellationToken cancellationToken)
   at System.Net.Http.AuthenticationHelper.SendWithAuthAsync(HttpRequestMessage request, Uri authUri, Boolean async, ICredentials credentials, Boolean preAuthenticate, Boolean isProxyAuth, Boolean doRequestAuth, HttpConnectionPool pool, CancellationToken cancellationToken)
   at System.Net.Http.RedirectHandler.SendAsync(HttpRequestMessage request, Boolean async, CancellationToken cancellationToken)
   at GitHub.Services.Common.RawHttpMessageHandler.SendAsync(HttpRequestMessage request, CancellationToken cancellationToken)
   at GitHub.Services.Common.VssHttpRetryMessageHandler.SendAsync(HttpRequestMessage request, CancellationToken cancellationToken)
   at System.Net.Http.HttpClient.<SendAsync>g__Core|83_0(HttpRequestMessage request, HttpCompletionOption completionOption, CancellationTokenSource cts, Boolean disposeCts, CancellationTokenSource pendingRequestsCts, CancellationToken originalCancellationToken)
   --- End of inner exception stack trace ---
   at System.Net.Http.HttpClient.HandleFailure(Exception e, Boolean telemetryStarted, HttpResponseMessage response, CancellationTokenSource cts, CancellationToken cancellationToken, CancellationTokenSource pendingRequestsCts)
   at System.Net.Http.HttpClient.<SendAsync>g__Core|83_0(HttpRequestMessage request, HttpCompletionOption completionOption, CancellationTokenSource cts, Boolean disposeCts, CancellationTokenSource pendingRequestsCts, CancellationToken originalCancellationToken)
   at Sdk.WebApi.WebApi.RawHttpClientBase.SendAsync(HttpRequestMessage message, HttpCompletionOption completionOption, Object userState, CancellationToken cancellationToken)
   at Sdk.WebApi.WebApi.RawHttpClientBase.SendAsync[T](HttpRequestMessage message, Boolean readErrorBody, Object userState, CancellationToken cancellationToken)
   at Sdk.WebApi.WebApi.RawHttpClientBase.SendAsync[T](HttpMethod method, IEnumerable`1 additionalHeaders, Uri requestUri, HttpContent content, IEnumerable`1 queryParameters, Boolean readErrorBody, Object userState, CancellationToken cancellationToken)
   at GitHub.Actions.RunService.WebApi.BrokerHttpClient.GetRunnerMessageAsync(Nullable`1 sessionId, String runnerVersion, Nullable`1 status, String os, String architecture, Nullable`1 disableUpdate, CancellationToken cancellationToken)
   at GitHub.Runner.Common.BrokerServer.<>c__DisplayClass7_0.<<GetRunnerMessageAsync>b__0>d.MoveNext()
--- End of stack trace from previous location ---
   at GitHub.Runner.Common.RunnerService.RetryRequest[T](Func`1 func, CancellationToken cancellationToken, Int32 maxAttempts, Func`2 shouldRetry)
[2025-10-25 20:20:19Z ERR  BrokerServer] #####################################################
[2025-10-25 20:20:19Z ERR  BrokerServer] System.Threading.Tasks.TaskCanceledException: The operation was canceled.
 ---> System.IO.IOException: Unable to read data from the transport connection: La operación de E/S se anuló por una salida de subproceso o por una solicitud de aplicación..
 ---> System.Net.Sockets.SocketException (995): La operación de E/S se anuló por una salida de subproceso o por una solicitud de aplicación.
   --- End of inner exception stack trace ---
   at System.Net.Sockets.Socket.AwaitableSocketAsyncEventArgs.ThrowException(SocketError error, CancellationToken cancellationToken)
   at System.Net.Sockets.Socket.AwaitableSocketAsyncEventArgs.System.Threading.Tasks.Sources.IValueTaskSource<System.Int32>.GetResult(Int16 token)
   at System.Net.Security.SslStream.EnsureFullTlsFrameAsync[TIOAdapter](CancellationToken cancellationToken, Int32 estimatedSize)
   at System.Runtime.CompilerServices.PoolingAsyncValueTaskMethodBuilder`1.StateMachineBox`1.System.Threading.Tasks.Sources.IValueTaskSource<TResult>.GetResult(Int16 token)
   at System.Net.Security.SslStream.ReadAsyncInternal[TIOAdapter](Memory`1 buffer, CancellationToken cancellationToken)
   at System.Runtime.CompilerServices.PoolingAsyncValueTaskMethodBuilder`1.StateMachineBox`1.System.Threading.Tasks.Sources.IValueTaskSource<TResult>.GetResult(Int16 token)
   at System.Net.Http.HttpConnection.SendAsync(HttpRequestMessage request, Boolean async, CancellationToken cancellationToken)
   --- End of inner exception stack trace ---
   at System.Net.Http.HttpConnection.SendAsync(HttpRequestMessage request, Boolean async, CancellationToken cancellationToken)
   at System.Net.Http.AuthenticationHelper.SendWithNtAuthAsync(HttpRequestMessage request, Uri authUri, Boolean async, ICredentials credentials, Boolean isProxyAuth, HttpConnection connection, HttpConnectionPool connectionPool, CancellationToken cancellationToken)
   at System.Net.Http.HttpConnectionPool.SendWithVersionDetectionAndRetryAsync(HttpRequestMessage request, Boolean async, Boolean doRequestAuth, CancellationToken cancellationToken)
   at System.Net.Http.AuthenticationHelper.SendWithAuthAsync(HttpRequestMessage request, Uri authUri, Boolean async, ICredentials credentials, Boolean preAuthenticate, Boolean isProxyAuth, Boolean doRequestAuth, HttpConnectionPool pool, CancellationToken cancellationToken)
   at System.Net.Http.RedirectHandler.SendAsync(HttpRequestMessage request, Boolean async, CancellationToken cancellationToken)
   at GitHub.Services.Common.RawHttpMessageHandler.SendAsync(HttpRequestMessage request, CancellationToken cancellationToken)
   at GitHub.Services.Common.VssHttpRetryMessageHandler.SendAsync(HttpRequestMessage request, CancellationToken cancellationToken)
   at System.Net.Http.HttpClient.<SendAsync>g__Core|83_0(HttpRequestMessage request, HttpCompletionOption completionOption, CancellationTokenSource cts, Boolean disposeCts, CancellationTokenSource pendingRequestsCts, CancellationToken originalCancellationToken)
[2025-10-25 20:20:19Z ERR  BrokerServer] #####################################################
[2025-10-25 20:20:19Z ERR  BrokerServer] System.IO.IOException: Unable to read data from the transport connection: La operación de E/S se anuló por una salida de subproceso o por una solicitud de aplicación..
 ---> System.Net.Sockets.SocketException (995): La operación de E/S se anuló por una salida de subproceso o por una solicitud de aplicación.
   --- End of inner exception stack trace ---
   at System.Net.Sockets.Socket.AwaitableSocketAsyncEventArgs.ThrowException(SocketError error, CancellationToken cancellationToken)
   at System.Net.Sockets.Socket.AwaitableSocketAsyncEventArgs.System.Threading.Tasks.Sources.IValueTaskSource<System.Int32>.GetResult(Int16 token)
   at System.Net.Security.SslStream.EnsureFullTlsFrameAsync[TIOAdapter](CancellationToken cancellationToken, Int32 estimatedSize)
   at System.Runtime.CompilerServices.PoolingAsyncValueTaskMethodBuilder`1.StateMachineBox`1.System.Threading.Tasks.Sources.IValueTaskSource<TResult>.GetResult(Int16 token)
   at System.Net.Security.SslStream.ReadAsyncInternal[TIOAdapter](Memory`1 buffer, CancellationToken cancellationToken)
   at System.Runtime.CompilerServices.PoolingAsyncValueTaskMethodBuilder`1.StateMachineBox`1.System.Threading.Tasks.Sources.IValueTaskSource<TResult>.GetResult(Int16 token)
   at System.Net.Http.HttpConnection.SendAsync(HttpRequestMessage request, Boolean async, CancellationToken cancellationToken)
[2025-10-25 20:20:19Z ERR  BrokerServer] #####################################################
[2025-10-25 20:20:19Z ERR  BrokerServer] System.Net.Sockets.SocketException (995): La operación de E/S se anuló por una salida de subproceso o por una solicitud de aplicación.
[2025-10-25 20:20:19Z WARN BrokerServer] Back off 6,801 seconds before next retry. 4 attempt left.
[2025-10-25 20:20:19Z INFO BrokerMessageListener] Get messages has been cancelled using local token source. Continue to get messages with new status.
[2025-10-25 20:20:19Z INFO ConfigurationStore] HasCredentials()
[2025-10-25 20:20:19Z INFO ConfigurationStore] stored True
[2025-10-25 20:20:19Z INFO CredentialManager] GetCredentialProvider
[2025-10-25 20:20:19Z INFO CredentialManager] Creating type OAuth
[2025-10-25 20:20:19Z INFO CredentialManager] Creating credential type: OAuth
[2025-10-25 20:20:19Z INFO RSAEncryptedFileKeyManager] Loading RSA key parameters from file C:\Users\CTecn\Desktop\ecommerce-microservice-backend-app\actions-runner\.credentials_rsaparams
[2025-10-25 20:20:19Z INFO RSAEncryptedFileKeyManager] Loading RSA key parameters from file C:\Users\CTecn\Desktop\ecommerce-microservice-backend-app\actions-runner\.credentials_rsaparams
[2025-10-25 20:20:19Z INFO RSAEncryptedFileKeyManager] Loading RSA key parameters from file C:\Users\CTecn\Desktop\ecommerce-microservice-backend-app\actions-runner\.credentials_rsaparams
[2025-10-25 20:20:19Z INFO GitHubActionsService] AAD Correlation ID for this token request: Unknown
[2025-10-25 20:20:20Z INFO JobDispatcher] Job request 0 for plan bc936733-44e2-4786-a7b7-83cf509f9409 job 35029abf-3181-5e63-bc4f-877985a86bfc received.
[2025-10-25 20:20:20Z INFO JobDispatcher] Pull OrchestrationId bc936733-44e2-4786-a7b7-83cf509f9409.build_push.__default from JWT claims
[2025-10-25 20:20:20Z INFO BrokerMessageListener] Received job status event. JobState: Busy
[2025-10-25 20:20:20Z INFO BrokerMessageListener] _getMessagesTokenSource is already disposed.
[2025-10-25 20:20:20Z INFO JobDispatcher] Job request 1728096a-0b18-506d-b9be-1d0ea75c1879 processed succeed.
[2025-10-25 20:20:20Z INFO Terminal] WRITE LINE: 2025-10-25 20:20:20Z: Running job: build_push
[2025-10-25 20:20:20Z INFO JobDispatcher] Start renew job request 0 for job 35029abf-3181-5e63-bc4f-877985a86bfc.
[2025-10-25 20:20:21Z INFO JobDispatcher] Successfully renew job 35029abf-3181-5e63-bc4f-877985a86bfc, job is valid till 25/10/2025 8:30:20 p. m.
[2025-10-25 20:20:21Z INFO HostContext] Well known directory 'Bin': 'C:\Users\CTecn\Desktop\ecommerce-microservice-backend-app\actions-runner\bin'
[2025-10-25 20:20:21Z INFO ProcessInvokerWrapper] Starting process:
[2025-10-25 20:20:21Z INFO ProcessInvokerWrapper]   File name: 'C:\Users\CTecn\Desktop\ecommerce-microservice-backend-app\actions-runner\bin\Runner.Worker.exe'
[2025-10-25 20:20:21Z INFO ProcessInvokerWrapper]   Arguments: 'spawnclient 1468 2636'
[2025-10-25 20:20:21Z INFO ProcessInvokerWrapper]   Working directory: 'C:\Users\CTecn\Desktop\ecommerce-microservice-backend-app\actions-runner\bin'
[2025-10-25 20:20:21Z INFO ProcessInvokerWrapper]   Require exit code zero: 'False'
[2025-10-25 20:20:21Z INFO ProcessInvokerWrapper]   Encoding web name:  ; code page: ''
[2025-10-25 20:20:21Z INFO ProcessInvokerWrapper]   Force kill process on cancellation: 'True'
[2025-10-25 20:20:21Z INFO ProcessInvokerWrapper]   Redirected STDIN: 'False'
[2025-10-25 20:20:21Z INFO ProcessInvokerWrapper]   Persist current code page: 'False'
[2025-10-25 20:20:21Z INFO ProcessInvokerWrapper]   Keep redirected STDIN open: 'False'
[2025-10-25 20:20:21Z INFO ProcessInvokerWrapper]   High priority process: 'True'
[2025-10-25 20:20:21Z INFO ProcessInvokerWrapper] Process started with process id 20640, waiting for process exit.
[2025-10-25 20:20:21Z INFO JobDispatcher] Send job request message to worker for job 35029abf-3181-5e63-bc4f-877985a86bfc.
[2025-10-25 20:20:21Z INFO ProcessChannel] Sending message of length 30837, with hash 'a9ee9f2df12682ea115618fa4f3671ebc8a4c5fde9bf3d51bcff43105386851a'
[2025-10-25 20:20:21Z INFO JobNotification] Entering JobStarted Notification
[2025-10-25 20:20:21Z INFO JobNotification] Entering StartMonitor
[2025-10-25 20:21:20Z INFO ProcessInvokerWrapper] STDOUT/STDERR stream read finished.
[2025-10-25 20:21:20Z INFO ProcessInvokerWrapper] STDOUT/STDERR stream read finished.
[2025-10-25 20:21:20Z INFO ProcessInvokerWrapper] Finished process 20640 with exit code 102, and elapsed time 00:00:59.6475521.
[2025-10-25 20:21:20Z INFO JobDispatcher] Worker finished for job 35029abf-3181-5e63-bc4f-877985a86bfc. Code: 102
[2025-10-25 20:21:20Z INFO JobDispatcher] finish job request for job 35029abf-3181-5e63-bc4f-877985a86bfc with result: Failed
[2025-10-25 20:21:20Z INFO Terminal] WRITE LINE: 2025-10-25 20:21:20Z: Job build_push completed with result: Failed
[2025-10-25 20:21:20Z INFO JobDispatcher] Stop renew job request for job 35029abf-3181-5e63-bc4f-877985a86bfc.
[2025-10-25 20:21:20Z INFO JobDispatcher] job renew has been cancelled, stop renew job 35029abf-3181-5e63-bc4f-877985a86bfc.
[2025-10-25 20:21:20Z INFO JobNotification] Entering JobCompleted Notification
[2025-10-25 20:21:20Z INFO JobNotification] Entering EndMonitor
[2025-10-25 20:21:20Z INFO BrokerMessageListener] Received job status event. JobState: Online
[2025-10-25 20:21:20Z WARN GitHubActionsService] GET request to https://broker.actions.githubusercontent.com/message?sessionId=071604aa-57bf-418b-9a7a-58a6937c2a64&status=Busy&runnerVersion=2.329.0&os=Windows&architecture=X64&disableUpdate=false has been cancelled.
[2025-10-25 20:21:20Z ERR  BrokerServer] Catch exception during request
[2025-10-25 20:21:20Z ERR  BrokerServer] System.Threading.Tasks.TaskCanceledException: The operation was canceled.
 ---> System.Threading.Tasks.TaskCanceledException: The operation was canceled.
 ---> System.IO.IOException: Unable to read data from the transport connection: La operación de E/S se anuló por una salida de subproceso o por una solicitud de aplicación..
 ---> System.Net.Sockets.SocketException (995): La operación de E/S se anuló por una salida de subproceso o por una solicitud de aplicación.
   --- End of inner exception stack trace ---
   at System.Net.Sockets.Socket.AwaitableSocketAsyncEventArgs.ThrowException(SocketError error, CancellationToken cancellationToken)
   at System.Net.Sockets.Socket.AwaitableSocketAsyncEventArgs.System.Threading.Tasks.Sources.IValueTaskSource<System.Int32>.GetResult(Int16 token)
   at System.Net.Security.SslStream.EnsureFullTlsFrameAsync[TIOAdapter](CancellationToken cancellationToken, Int32 estimatedSize)
   at System.Runtime.CompilerServices.PoolingAsyncValueTaskMethodBuilder`1.StateMachineBox`1.System.Threading.Tasks.Sources.IValueTaskSource<TResult>.GetResult(Int16 token)
   at System.Net.Security.SslStream.ReadAsyncInternal[TIOAdapter](Memory`1 buffer, CancellationToken cancellationToken)
   at System.Runtime.CompilerServices.PoolingAsyncValueTaskMethodBuilder`1.StateMachineBox`1.System.Threading.Tasks.Sources.IValueTaskSource<TResult>.GetResult(Int16 token)
   at System.Net.Http.HttpConnection.SendAsync(HttpRequestMessage request, Boolean async, CancellationToken cancellationToken)
   --- End of inner exception stack trace ---
   at System.Net.Http.HttpConnection.SendAsync(HttpRequestMessage request, Boolean async, CancellationToken cancellationToken)
   at System.Net.Http.AuthenticationHelper.SendWithNtAuthAsync(HttpRequestMessage request, Uri authUri, Boolean async, ICredentials credentials, Boolean isProxyAuth, HttpConnection connection, HttpConnectionPool connectionPool, CancellationToken cancellationToken)
   at System.Net.Http.HttpConnectionPool.SendWithVersionDetectionAndRetryAsync(HttpRequestMessage request, Boolean async, Boolean doRequestAuth, CancellationToken cancellationToken)
   at System.Net.Http.AuthenticationHelper.SendWithAuthAsync(HttpRequestMessage request, Uri authUri, Boolean async, ICredentials credentials, Boolean preAuthenticate, Boolean isProxyAuth, Boolean doRequestAuth, HttpConnectionPool pool, CancellationToken cancellationToken)
   at System.Net.Http.RedirectHandler.SendAsync(HttpRequestMessage request, Boolean async, CancellationToken cancellationToken)
   at GitHub.Services.Common.RawHttpMessageHandler.SendAsync(HttpRequestMessage request, CancellationToken cancellationToken)
   at GitHub.Services.Common.VssHttpRetryMessageHandler.SendAsync(HttpRequestMessage request, CancellationToken cancellationToken)
   at System.Net.Http.HttpClient.<SendAsync>g__Core|83_0(HttpRequestMessage request, HttpCompletionOption completionOption, CancellationTokenSource cts, Boolean disposeCts, CancellationTokenSource pendingRequestsCts, CancellationToken originalCancellationToken)
   --- End of inner exception stack trace ---
   at System.Net.Http.HttpClient.HandleFailure(Exception e, Boolean telemetryStarted, HttpResponseMessage response, CancellationTokenSource cts, CancellationToken cancellationToken, CancellationTokenSource pendingRequestsCts)
   at System.Net.Http.HttpClient.<SendAsync>g__Core|83_0(HttpRequestMessage request, HttpCompletionOption completionOption, CancellationTokenSource cts, Boolean disposeCts, CancellationTokenSource pendingRequestsCts, CancellationToken originalCancellationToken)
   at Sdk.WebApi.WebApi.RawHttpClientBase.SendAsync(HttpRequestMessage message, HttpCompletionOption completionOption, Object userState, CancellationToken cancellationToken)
   at Sdk.WebApi.WebApi.RawHttpClientBase.SendAsync[T](HttpRequestMessage message, Boolean readErrorBody, Object userState, CancellationToken cancellationToken)
   at Sdk.WebApi.WebApi.RawHttpClientBase.SendAsync[T](HttpMethod method, IEnumerable`1 additionalHeaders, Uri requestUri, HttpContent content, IEnumerable`1 queryParameters, Boolean readErrorBody, Object userState, CancellationToken cancellationToken)
   at GitHub.Actions.RunService.WebApi.BrokerHttpClient.GetRunnerMessageAsync(Nullable`1 sessionId, String runnerVersion, Nullable`1 status, String os, String architecture, Nullable`1 disableUpdate, CancellationToken cancellationToken)
   at GitHub.Runner.Common.BrokerServer.<>c__DisplayClass7_0.<<GetRunnerMessageAsync>b__0>d.MoveNext()
--- End of stack trace from previous location ---
   at GitHub.Runner.Common.RunnerService.RetryRequest[T](Func`1 func, CancellationToken cancellationToken, Int32 maxAttempts, Func`2 shouldRetry)
[2025-10-25 20:21:20Z ERR  BrokerServer] #####################################################
[2025-10-25 20:21:20Z ERR  BrokerServer] System.Threading.Tasks.TaskCanceledException: The operation was canceled.
 ---> System.IO.IOException: Unable to read data from the transport connection: La operación de E/S se anuló por una salida de subproceso o por una solicitud de aplicación..
 ---> System.Net.Sockets.SocketException (995): La operación de E/S se anuló por una salida de subproceso o por una solicitud de aplicación.
   --- End of inner exception stack trace ---
   at System.Net.Sockets.Socket.AwaitableSocketAsyncEventArgs.ThrowException(SocketError error, CancellationToken cancellationToken)
   at System.Net.Sockets.Socket.AwaitableSocketAsyncEventArgs.System.Threading.Tasks.Sources.IValueTaskSource<System.Int32>.GetResult(Int16 token)
   at System.Net.Security.SslStream.EnsureFullTlsFrameAsync[TIOAdapter](CancellationToken cancellationToken, Int32 estimatedSize)
   at System.Runtime.CompilerServices.PoolingAsyncValueTaskMethodBuilder`1.StateMachineBox`1.System.Threading.Tasks.Sources.IValueTaskSource<TResult>.GetResult(Int16 token)
   at System.Net.Security.SslStream.ReadAsyncInternal[TIOAdapter](Memory`1 buffer, CancellationToken cancellationToken)
   at System.Runtime.CompilerServices.PoolingAsyncValueTaskMethodBuilder`1.StateMachineBox`1.System.Threading.Tasks.Sources.IValueTaskSource<TResult>.GetResult(Int16 token)
   at System.Net.Http.HttpConnection.SendAsync(HttpRequestMessage request, Boolean async, CancellationToken cancellationToken)
   --- End of inner exception stack trace ---
   at System.Net.Http.HttpConnection.SendAsync(HttpRequestMessage request, Boolean async, CancellationToken cancellationToken)
   at System.Net.Http.AuthenticationHelper.SendWithNtAuthAsync(HttpRequestMessage request, Uri authUri, Boolean async, ICredentials credentials, Boolean isProxyAuth, HttpConnection connection, HttpConnectionPool connectionPool, CancellationToken cancellationToken)
   at System.Net.Http.HttpConnectionPool.SendWithVersionDetectionAndRetryAsync(HttpRequestMessage request, Boolean async, Boolean doRequestAuth, CancellationToken cancellationToken)
   at System.Net.Http.AuthenticationHelper.SendWithAuthAsync(HttpRequestMessage request, Uri authUri, Boolean async, ICredentials credentials, Boolean preAuthenticate, Boolean isProxyAuth, Boolean doRequestAuth, HttpConnectionPool pool, CancellationToken cancellationToken)
   at System.Net.Http.RedirectHandler.SendAsync(HttpRequestMessage request, Boolean async, CancellationToken cancellationToken)
   at GitHub.Services.Common.RawHttpMessageHandler.SendAsync(HttpRequestMessage request, CancellationToken cancellationToken)
   at GitHub.Services.Common.VssHttpRetryMessageHandler.SendAsync(HttpRequestMessage request, CancellationToken cancellationToken)
   at System.Net.Http.HttpClient.<SendAsync>g__Core|83_0(HttpRequestMessage request, HttpCompletionOption completionOption, CancellationTokenSource cts, Boolean disposeCts, CancellationTokenSource pendingRequestsCts, CancellationToken originalCancellationToken)
[2025-10-25 20:21:20Z ERR  BrokerServer] #####################################################
[2025-10-25 20:21:20Z ERR  BrokerServer] System.IO.IOException: Unable to read data from the transport connection: La operación de E/S se anuló por una salida de subproceso o por una solicitud de aplicación..
 ---> System.Net.Sockets.SocketException (995): La operación de E/S se anuló por una salida de subproceso o por una solicitud de aplicación.
   --- End of inner exception stack trace ---
   at System.Net.Sockets.Socket.AwaitableSocketAsyncEventArgs.ThrowException(SocketError error, CancellationToken cancellationToken)
   at System.Net.Sockets.Socket.AwaitableSocketAsyncEventArgs.System.Threading.Tasks.Sources.IValueTaskSource<System.Int32>.GetResult(Int16 token)
   at System.Net.Security.SslStream.EnsureFullTlsFrameAsync[TIOAdapter](CancellationToken cancellationToken, Int32 estimatedSize)
   at System.Runtime.CompilerServices.PoolingAsyncValueTaskMethodBuilder`1.StateMachineBox`1.System.Threading.Tasks.Sources.IValueTaskSource<TResult>.GetResult(Int16 token)
   at System.Net.Security.SslStream.ReadAsyncInternal[TIOAdapter](Memory`1 buffer, CancellationToken cancellationToken)
   at System.Runtime.CompilerServices.PoolingAsyncValueTaskMethodBuilder`1.StateMachineBox`1.System.Threading.Tasks.Sources.IValueTaskSource<TResult>.GetResult(Int16 token)
   at System.Net.Http.HttpConnection.SendAsync(HttpRequestMessage request, Boolean async, CancellationToken cancellationToken)
[2025-10-25 20:21:20Z ERR  BrokerServer] #####################################################
[2025-10-25 20:21:20Z ERR  BrokerServer] System.Net.Sockets.SocketException (995): La operación de E/S se anuló por una salida de subproceso o por una solicitud de aplicación.
[2025-10-25 20:21:20Z WARN BrokerServer] Back off 8,598 seconds before next retry. 4 attempt left.
[2025-10-25 20:21:20Z INFO BrokerMessageListener] Get messages has been cancelled using local token source. Continue to get messages with new status.
[2025-10-25 20:21:21Z INFO ConfigurationStore] HasCredentials()
[2025-10-25 20:21:21Z INFO ConfigurationStore] stored True
[2025-10-25 20:21:21Z INFO CredentialManager] GetCredentialProvider
[2025-10-25 20:21:21Z INFO CredentialManager] Creating type OAuth
[2025-10-25 20:21:21Z INFO CredentialManager] Creating credential type: OAuth
[2025-10-25 20:21:21Z INFO RSAEncryptedFileKeyManager] Loading RSA key parameters from file C:\Users\CTecn\Desktop\ecommerce-microservice-backend-app\actions-runner\.credentials_rsaparams
[2025-10-25 20:21:21Z INFO RSAEncryptedFileKeyManager] Loading RSA key parameters from file C:\Users\CTecn\Desktop\ecommerce-microservice-backend-app\actions-runner\.credentials_rsaparams
[2025-10-25 20:21:21Z INFO RSAEncryptedFileKeyManager] Loading RSA key parameters from file C:\Users\CTecn\Desktop\ecommerce-microservice-backend-app\actions-runner\.credentials_rsaparams
[2025-10-25 20:21:21Z INFO GitHubActionsService] AAD Correlation ID for this token request: Unknown
[2025-10-25 20:21:22Z INFO JobDispatcher] Job request 0 for plan 3f36746c-8d95-42c5-9de1-efe3a12ccc63 job a920611c-8f31-51c6-85f0-578e74a6601b received.
[2025-10-25 20:21:22Z INFO JobDispatcher] Pull OrchestrationId 3f36746c-8d95-42c5-9de1-efe3a12ccc63.build_push.__default from JWT claims
[2025-10-25 20:21:22Z INFO BrokerMessageListener] Received job status event. JobState: Busy
[2025-10-25 20:21:22Z INFO BrokerMessageListener] _getMessagesTokenSource is already disposed.
[2025-10-25 20:21:22Z INFO JobDispatcher] Job request 35029abf-3181-5e63-bc4f-877985a86bfc processed succeed.
[2025-10-25 20:21:22Z INFO Terminal] WRITE LINE: 2025-10-25 20:21:22Z: Running job: build_push
[2025-10-25 20:21:22Z INFO JobDispatcher] Start renew job request 0 for job a920611c-8f31-51c6-85f0-578e74a6601b.
[2025-10-25 20:21:22Z INFO JobDispatcher] Successfully renew job a920611c-8f31-51c6-85f0-578e74a6601b, job is valid till 25/10/2025 8:31:21 p. m.
[2025-10-25 20:21:22Z INFO HostContext] Well known directory 'Bin': 'C:\Users\CTecn\Desktop\ecommerce-microservice-backend-app\actions-runner\bin'
[2025-10-25 20:21:22Z INFO ProcessInvokerWrapper] Starting process:
[2025-10-25 20:21:22Z INFO ProcessInvokerWrapper]   File name: 'C:\Users\CTecn\Desktop\ecommerce-microservice-backend-app\actions-runner\bin\Runner.Worker.exe'
[2025-10-25 20:21:22Z INFO ProcessInvokerWrapper]   Arguments: 'spawnclient 2480 2272'
[2025-10-25 20:21:22Z INFO ProcessInvokerWrapper]   Working directory: 'C:\Users\CTecn\Desktop\ecommerce-microservice-backend-app\actions-runner\bin'
[2025-10-25 20:21:22Z INFO ProcessInvokerWrapper]   Require exit code zero: 'False'
[2025-10-25 20:21:22Z INFO ProcessInvokerWrapper]   Encoding web name:  ; code page: ''
[2025-10-25 20:21:22Z INFO ProcessInvokerWrapper]   Force kill process on cancellation: 'True'
[2025-10-25 20:21:22Z INFO ProcessInvokerWrapper]   Redirected STDIN: 'False'
[2025-10-25 20:21:22Z INFO ProcessInvokerWrapper]   Persist current code page: 'False'
[2025-10-25 20:21:22Z INFO ProcessInvokerWrapper]   Keep redirected STDIN open: 'False'
[2025-10-25 20:21:22Z INFO ProcessInvokerWrapper]   High priority process: 'True'
[2025-10-25 20:21:22Z INFO ProcessInvokerWrapper] Process started with process id 15004, waiting for process exit.
[2025-10-25 20:21:22Z INFO JobDispatcher] Send job request message to worker for job a920611c-8f31-51c6-85f0-578e74a6601b.
[2025-10-25 20:21:22Z INFO ProcessChannel] Sending message of length 30454, with hash 'baeb0770c9214880b1be38f0780f47cf3302ce67dfb62b06e0c32c9840cf4c11'
[2025-10-25 20:21:22Z INFO JobNotification] Entering JobStarted Notification
[2025-10-25 20:21:22Z INFO JobNotification] Entering StartMonitor
[2025-10-25 20:21:25Z INFO HostContext] Runner will be shutdown for UserCancelled
[2025-10-25 20:21:25Z WARN GitHubActionsService] GET request to https://broker.actions.githubusercontent.com/message?sessionId=071604aa-57bf-418b-9a7a-58a6937c2a64&status=Busy&runnerVersion=2.329.0&os=Windows&architecture=X64&disableUpdate=false has been cancelled.
[2025-10-25 20:21:25Z ERR  BrokerServer] Catch exception during request
[2025-10-25 20:21:25Z ERR  BrokerServer] System.Threading.Tasks.TaskCanceledException: The operation was canceled.
 ---> System.Threading.Tasks.TaskCanceledException: The operation was canceled.
 ---> System.IO.IOException: Unable to read data from the transport connection: La operación de E/S se anuló por una salida de subproceso o por una solicitud de aplicación..
 ---> System.Net.Sockets.SocketException (995): La operación de E/S se anuló por una salida de subproceso o por una solicitud de aplicación.
   --- End of inner exception stack trace ---
   at System.Net.Sockets.Socket.AwaitableSocketAsyncEventArgs.ThrowException(SocketError error, CancellationToken cancellationToken)
   at System.Net.Sockets.Socket.AwaitableSocketAsyncEventArgs.System.Threading.Tasks.Sources.IValueTaskSource<System.Int32>.GetResult(Int16 token)
   at System.Net.Security.SslStream.EnsureFullTlsFrameAsync[TIOAdapter](CancellationToken cancellationToken, Int32 estimatedSize)
   at System.Runtime.CompilerServices.PoolingAsyncValueTaskMethodBuilder`1.StateMachineBox`1.System.Threading.Tasks.Sources.IValueTaskSource<TResult>.GetResult(Int16 token)
   at System.Net.Security.SslStream.ReadAsyncInternal[TIOAdapter](Memory`1 buffer, CancellationToken cancellationToken)
   at System.Runtime.CompilerServices.PoolingAsyncValueTaskMethodBuilder`1.StateMachineBox`1.System.Threading.Tasks.Sources.IValueTaskSource<TResult>.GetResult(Int16 token)
   at System.Net.Http.HttpConnection.SendAsync(HttpRequestMessage request, Boolean async, CancellationToken cancellationToken)
   --- End of inner exception stack trace ---
   at System.Net.Http.HttpConnection.SendAsync(HttpRequestMessage request, Boolean async, CancellationToken cancellationToken)
   at System.Net.Http.AuthenticationHelper.SendWithNtAuthAsync(HttpRequestMessage request, Uri authUri, Boolean async, ICredentials credentials, Boolean isProxyAuth, HttpConnection connection, HttpConnectionPool connectionPool, CancellationToken cancellationToken)
   at System.Net.Http.HttpConnectionPool.SendWithVersionDetectionAndRetryAsync(HttpRequestMessage request, Boolean async, Boolean doRequestAuth, CancellationToken cancellationToken)
   at System.Net.Http.AuthenticationHelper.SendWithAuthAsync(HttpRequestMessage request, Uri authUri, Boolean async, ICredentials credentials, Boolean preAuthenticate, Boolean isProxyAuth, Boolean doRequestAuth, HttpConnectionPool pool, CancellationToken cancellationToken)
   at System.Net.Http.RedirectHandler.SendAsync(HttpRequestMessage request, Boolean async, CancellationToken cancellationToken)
   at GitHub.Services.Common.RawHttpMessageHandler.SendAsync(HttpRequestMessage request, CancellationToken cancellationToken)
   at GitHub.Services.Common.VssHttpRetryMessageHandler.SendAsync(HttpRequestMessage request, CancellationToken cancellationToken)
   at System.Net.Http.HttpClient.<SendAsync>g__Core|83_0(HttpRequestMessage request, HttpCompletionOption completionOption, CancellationTokenSource cts, Boolean disposeCts, CancellationTokenSource pendingRequestsCts, CancellationToken originalCancellationToken)
   --- End of inner exception stack trace ---
   at System.Net.Http.HttpClient.HandleFailure(Exception e, Boolean telemetryStarted, HttpResponseMessage response, CancellationTokenSource cts, CancellationToken cancellationToken, CancellationTokenSource pendingRequestsCts)
   at System.Net.Http.HttpClient.<SendAsync>g__Core|83_0(HttpRequestMessage request, HttpCompletionOption completionOption, CancellationTokenSource cts, Boolean disposeCts, CancellationTokenSource pendingRequestsCts, CancellationToken originalCancellationToken)
   at Sdk.WebApi.WebApi.RawHttpClientBase.SendAsync(HttpRequestMessage message, HttpCompletionOption completionOption, Object userState, CancellationToken cancellationToken)
   at Sdk.WebApi.WebApi.RawHttpClientBase.SendAsync[T](HttpRequestMessage message, Boolean readErrorBody, Object userState, CancellationToken cancellationToken)
   at Sdk.WebApi.WebApi.RawHttpClientBase.SendAsync[T](HttpMethod method, IEnumerable`1 additionalHeaders, Uri requestUri, HttpContent content, IEnumerable`1 queryParameters, Boolean readErrorBody, Object userState, CancellationToken cancellationToken)
   at GitHub.Actions.RunService.WebApi.BrokerHttpClient.GetRunnerMessageAsync(Nullable`1 sessionId, String runnerVersion, Nullable`1 status, String os, String architecture, Nullable`1 disableUpdate, CancellationToken cancellationToken)
   at GitHub.Runner.Common.BrokerServer.<>c__DisplayClass7_0.<<GetRunnerMessageAsync>b__0>d.MoveNext()
--- End of stack trace from previous location ---
   at GitHub.Runner.Common.RunnerService.RetryRequest[T](Func`1 func, CancellationToken cancellationToken, Int32 maxAttempts, Func`2 shouldRetry)
[2025-10-25 20:21:25Z ERR  BrokerServer] #####################################################
[2025-10-25 20:21:25Z ERR  BrokerServer] System.Threading.Tasks.TaskCanceledException: The operation was canceled.
 ---> System.IO.IOException: Unable to read data from the transport connection: La operación de E/S se anuló por una salida de subproceso o por una solicitud de aplicación..
 ---> System.Net.Sockets.SocketException (995): La operación de E/S se anuló por una salida de subproceso o por una solicitud de aplicación.
   --- End of inner exception stack trace ---
   at System.Net.Sockets.Socket.AwaitableSocketAsyncEventArgs.ThrowException(SocketError error, CancellationToken cancellationToken)
   at System.Net.Sockets.Socket.AwaitableSocketAsyncEventArgs.System.Threading.Tasks.Sources.IValueTaskSource<System.Int32>.GetResult(Int16 token)
   at System.Net.Security.SslStream.EnsureFullTlsFrameAsync[TIOAdapter](CancellationToken cancellationToken, Int32 estimatedSize)
   at System.Runtime.CompilerServices.PoolingAsyncValueTaskMethodBuilder`1.StateMachineBox`1.System.Threading.Tasks.Sources.IValueTaskSource<TResult>.GetResult(Int16 token)
   at System.Net.Security.SslStream.ReadAsyncInternal[TIOAdapter](Memory`1 buffer, CancellationToken cancellationToken)
   at System.Runtime.CompilerServices.PoolingAsyncValueTaskMethodBuilder`1.StateMachineBox`1.System.Threading.Tasks.Sources.IValueTaskSource<TResult>.GetResult(Int16 token)
   at System.Net.Http.HttpConnection.SendAsync(HttpRequestMessage request, Boolean async, CancellationToken cancellationToken)
   --- End of inner exception stack trace ---
   at System.Net.Http.HttpConnection.SendAsync(HttpRequestMessage request, Boolean async, CancellationToken cancellationToken)
   at System.Net.Http.AuthenticationHelper.SendWithNtAuthAsync(HttpRequestMessage request, Uri authUri, Boolean async, ICredentials credentials, Boolean isProxyAuth, HttpConnection connection, HttpConnectionPool connectionPool, CancellationToken cancellationToken)
   at System.Net.Http.HttpConnectionPool.SendWithVersionDetectionAndRetryAsync(HttpRequestMessage request, Boolean async, Boolean doRequestAuth, CancellationToken cancellationToken)
   at System.Net.Http.AuthenticationHelper.SendWithAuthAsync(HttpRequestMessage request, Uri authUri, Boolean async, ICredentials credentials, Boolean preAuthenticate, Boolean isProxyAuth, Boolean doRequestAuth, HttpConnectionPool pool, CancellationToken cancellationToken)
   at System.Net.Http.RedirectHandler.SendAsync(HttpRequestMessage request, Boolean async, CancellationToken cancellationToken)
   at GitHub.Services.Common.RawHttpMessageHandler.SendAsync(HttpRequestMessage request, CancellationToken cancellationToken)
   at GitHub.Services.Common.VssHttpRetryMessageHandler.SendAsync(HttpRequestMessage request, CancellationToken cancellationToken)
   at System.Net.Http.HttpClient.<SendAsync>g__Core|83_0(HttpRequestMessage request, HttpCompletionOption completionOption, CancellationTokenSource cts, Boolean disposeCts, CancellationTokenSource pendingRequestsCts, CancellationToken originalCancellationToken)
[2025-10-25 20:21:25Z ERR  BrokerServer] #####################################################
[2025-10-25 20:21:25Z ERR  BrokerServer] System.IO.IOException: Unable to read data from the transport connection: La operación de E/S se anuló por una salida de subproceso o por una solicitud de aplicación..
 ---> System.Net.Sockets.SocketException (995): La operación de E/S se anuló por una salida de subproceso o por una solicitud de aplicación.
   --- End of inner exception stack trace ---
   at System.Net.Sockets.Socket.AwaitableSocketAsyncEventArgs.ThrowException(SocketError error, CancellationToken cancellationToken)
   at System.Net.Sockets.Socket.AwaitableSocketAsyncEventArgs.System.Threading.Tasks.Sources.IValueTaskSource<System.Int32>.GetResult(Int16 token)
   at System.Net.Security.SslStream.EnsureFullTlsFrameAsync[TIOAdapter](CancellationToken cancellationToken, Int32 estimatedSize)
   at System.Runtime.CompilerServices.PoolingAsyncValueTaskMethodBuilder`1.StateMachineBox`1.System.Threading.Tasks.Sources.IValueTaskSource<TResult>.GetResult(Int16 token)
   at System.Net.Security.SslStream.ReadAsyncInternal[TIOAdapter](Memory`1 buffer, CancellationToken cancellationToken)
   at System.Runtime.CompilerServices.PoolingAsyncValueTaskMethodBuilder`1.StateMachineBox`1.System.Threading.Tasks.Sources.IValueTaskSource<TResult>.GetResult(Int16 token)
   at System.Net.Http.HttpConnection.SendAsync(HttpRequestMessage request, Boolean async, CancellationToken cancellationToken)
[2025-10-25 20:21:25Z ERR  BrokerServer] #####################################################
[2025-10-25 20:21:25Z ERR  BrokerServer] System.Net.Sockets.SocketException (995): La operación de E/S se anuló por una salida de subproceso o por una solicitud de aplicación.
[2025-10-25 20:21:25Z WARN BrokerServer] Back off 13,657 seconds before next retry. 4 attempt left.
[2025-10-25 20:21:25Z INFO BrokerMessageListener] Get next message has been cancelled.
[2025-10-25 20:21:25Z INFO JobDispatcher] Shutting down JobDispatcher. Make sure all WorkerDispatcher has finished.
[2025-10-25 20:21:25Z INFO JobDispatcher] Ensure WorkerDispatcher for job a920611c-8f31-51c6-85f0-578e74a6601b run to finish, cancel any running job.
[2025-10-25 20:21:25Z INFO JobDispatcher] Send job cancellation message to worker for job a920611c-8f31-51c6-85f0-578e74a6601b.
[2025-10-25 20:21:25Z INFO ProcessChannel] Sending message of length 0, with hash 'e3b0c44298fc1c149afbf4c8996fb92427ae41e4649b934ca495991b7852b855'
[2025-10-25 20:21:28Z INFO ProcessInvokerWrapper] STDOUT/STDERR stream read finished.
[2025-10-25 20:21:28Z INFO ProcessInvokerWrapper] STDOUT/STDERR stream read finished.
[2025-10-25 20:21:28Z INFO ProcessInvokerWrapper] Finished process 15004 with exit code 103, and elapsed time 00:00:05.6916926.
[2025-10-25 20:21:28Z INFO JobDispatcher] finish job request for job a920611c-8f31-51c6-85f0-578e74a6601b with result: Canceled
[2025-10-25 20:21:28Z INFO Terminal] WRITE LINE: 2025-10-25 20:21:28Z: Job build_push completed with result: Canceled
[2025-10-25 20:21:28Z INFO JobDispatcher] Stop renew job request for job a920611c-8f31-51c6-85f0-578e74a6601b.
[2025-10-25 20:21:28Z INFO JobDispatcher] job renew has been cancelled, stop renew job a920611c-8f31-51c6-85f0-578e74a6601b.
[2025-10-25 20:21:28Z INFO JobNotification] Entering JobCompleted Notification
[2025-10-25 20:21:28Z INFO JobNotification] Entering EndMonitor
[2025-10-25 20:21:28Z INFO Runner] Deleting Runner Session...
[2025-10-25 20:21:28Z INFO Listener] Runner execution been cancelled.
