[2025-10-25 20:21:22Z INFO HostContext] No proxy settings were found based on environmental variables (http_proxy/https_proxy/HTTP_PROXY/HTTPS_PROXY)
[2025-10-25 20:21:22Z INFO HostContext] Well known directory 'Bin': 'C:\Users\CTecn\Desktop\ecommerce-microservice-backend-app\actions-runner\bin'
[2025-10-25 20:21:22Z INFO HostContext] Well known directory 'Root': 'C:\Users\CTecn\Desktop\ecommerce-microservice-backend-app\actions-runner'
[2025-10-25 20:21:22Z INFO HostContext] Well known config file 'Credentials': 'C:\Users\CTecn\Desktop\ecommerce-microservice-backend-app\actions-runner\.credentials'
[2025-10-25 20:21:22Z INFO HostContext] Well known directory 'Bin': 'C:\Users\CTecn\Desktop\ecommerce-microservice-backend-app\actions-runner\bin'
[2025-10-25 20:21:22Z INFO HostContext] Well known directory 'Root': 'C:\Users\CTecn\Desktop\ecommerce-microservice-backend-app\actions-runner'
[2025-10-25 20:21:22Z INFO HostContext] Well known config file 'Runner': 'C:\Users\CTecn\Desktop\ecommerce-microservice-backend-app\actions-runner\.runner'
[2025-10-25 20:21:22Z INFO Worker] Version: 2.329.0
[2025-10-25 20:21:22Z INFO Worker] Commit: c76c59996c8fa32e989164a5a695efb12608ae5a
[2025-10-25 20:21:22Z INFO Worker] Culture: es-CO
[2025-10-25 20:21:22Z INFO Worker] UI Culture: es-ES
[2025-10-25 20:21:22Z INFO Worker] Waiting to receive the job message from the channel.
[2025-10-25 20:21:22Z INFO ProcessChannel] Receiving message of length 30454, with hash 'baeb0770c9214880b1be38f0780f47cf3302ce67dfb62b06e0c32c9840cf4c11'
[2025-10-25 20:21:22Z INFO Worker] Message received.
[2025-10-25 20:21:23Z INFO Worker] Job message:
 {
  "defaults": [
    {
      "type": 2,
      "file": 1,
      "line": 12,
      "col": 7,
      "map": [
        {
          "key": {
            "type": 0,
            "file": 1,
            "line": 12,
            "col": 7,
            "lit": "run"
          },
          "value": {
            "type": 2,
            "file": 1,
            "line": 13,
            "col": 9,
            "map": [
              {
                "key": {
                  "type": 0,
                  "file": 1,
                  "line": 13,
                  "col": 9,
                  "lit": "shell"
                },
                "value": {
                  "type": 0,
                  "file": 1,
                  "line": 13,
                  "col": 16,
                  "lit": "pwsh"
                }
              }
            ]
          }
        }
      ]
    }
  ],
  "fileTable": [
    ".github/workflows/order-service-pipeline-dev-push.yml"
  ],
  "mask": [
    {
      "type": "regex",
      "value": "***"
    },
    {
      "type": "regex",
      "value": "***"
    },
    {
      "type": "regex",
      "value": "***"
    },
    {
      "type": "regex",
      "value": "***"
    },
    {
      "type": "regex",
      "value": "***"
    },
    {
      "type": "regex",
      "value": "***"
    },
    {
      "type": "regex",
      "value": "***"
    },
    {
      "type": "regex",
      "value": "***"
    },
    {
      "type": "regex",
      "value": "***"
    },
    {
      "type": "regex",
      "value": "***"
    },
    {
      "type": "regex",
      "value": "***"
    },
    {
      "type": "regex",
      "value": "***"
    },
    {
      "type": "regex",
      "value": "***"
    },
    {
      "type": "regex",
      "value": "***"
    },
    {
      "type": "regex",
      "value": "***"
    },
    {
      "type": "regex",
      "value": "***"
    },
    {
      "type": "regex",
      "value": "***"
    },
    {
      "type": "regex",
      "value": "***"
    }
  ],
  "steps": [
    {
      "type": "action",
      "reference": {
        "type": "repository",
        "name": "actions/checkout",
        "ref": "v2",
        "repositoryType": "GitHub"
      },
      "contextName": "__actions_checkout",
      "condition": "success()",
      "id": "b203a50c-983d-4afc-8117-00c089a76539",
      "name": "__actions_checkout"
    },
    {
      "type": "action",
      "reference": {
        "type": "repository",
        "name": "actions/setup-java",
        "ref": "v2",
        "repositoryType": "GitHub"
      },
      "displayNameToken": {
        "type": 0,
        "file": 1,
        "line": 16,
        "col": 13,
        "lit": "Set up JDK 11"
      },
      "contextName": "__actions_setup-java",
      "inputs": {
        "type": 2,
        "file": 1,
        "line": 19,
        "col": 9,
        "map": [
          {
            "key": {
              "type": 0,
              "file": 1,
              "line": 19,
              "col": 9,
              "lit": "java-version"
            },
            "value": {
              "type": 0,
              "file": 1,
              "line": 19,
              "col": 23,
              "lit": "11"
            }
          },
          {
            "key": {
              "type": 0,
              "file": 1,
              "line": 20,
              "col": 9,
              "lit": "distribution"
            },
            "value": {
              "type": 0,
              "file": 1,
              "line": 20,
              "col": 23,
              "lit": "adopt"
            }
          }
        ]
      },
      "condition": "success()",
      "id": "38e60054-57be-43bd-b4e6-68a3df61369e",
      "name": "__actions_setup-java"
    },
    {
      "type": "action",
      "reference": {
        "type": "script"
      },
      "displayNameToken": {
        "type": 0,
        "file": 1,
        "line": 21,
        "col": 13,
        "lit": "Build with Maven"
      },
      "contextName": "__run",
      "inputs": {
        "type": 2,
        "map": [
          {
            "key": "script",
            "value": {
              "type": 0,
              "file": 1,
              "line": 22,
              "col": 12,
              "lit": "mvn -B package --file pom.xml"
            }
          }
        ]
      },
      "condition": "success()",
      "id": "7b59d0c4-dae4-415b-a62c-91585f7e7492",
      "name": "__run"
    },
    {
      "type": "action",
      "reference": {
        "type": "script"
      },
      "displayNameToken": {
        "type": 0,
        "file": 1,
        "line": 23,
        "col": 13,
        "lit": "Setup env variables for Docker"
      },
      "contextName": "__run_2",
      "environment": {
        "type": 2,
        "file": 1,
        "line": 26,
        "col": 9,
        "map": [
          {
            "key": {
              "type": 0,
              "file": 1,
              "line": 26,
              "col": 9,
              "lit": "DOCKER_USERNAME"
            },
            "value": {
              "type": 3,
              "file": 1,
              "line": 26,
              "col": 26,
              "expr": "secrets.DOCKER_USERNAME"
            }
          },
          {
            "key": {
              "type": 0,
              "file": 1,
              "line": 27,
              "col": 9,
              "lit": "DOCKER_PASSWORD"
            },
            "value": {
              "type": 3,
              "file": 1,
              "line": 27,
              "col": 26,
              "expr": "secrets.DOCKER_PASSWORD"
            }
          }
        ]
      },
      "inputs": {
        "type": 2,
        "map": [
          {
            "key": "script",
            "value": {
              "type": 0,
              "file": 1,
              "line": 24,
              "col": 12,
              "lit": "echo Setup env variables for Docker"
            }
          }
        ]
      },
      "condition": "success()",
      "id": "ab9a4bab-1b77-4765-87ae-2de5238e184b",
      "name": "__run_2"
    },
    {
      "type": "action",
      "reference": {
        "type": "script"
      },
      "displayNameToken": {
        "type": 0,
        "file": 1,
        "line": 28,
        "col": 13,
        "lit": "Docker Login"
      },
      "contextName": "__run_3",
      "inputs": {
        "type": 2,
        "map": [
          {
            "key": "script",
            "value": {
              "type": 3,
              "file": 1,
              "line": 29,
              "col": 12,
              "expr": "format('echo {0} | docker login -u {1} --password-stdin', secrets.DOCKER_PASSWORD, secrets.DOCKER_USERNAME)"
            }
          }
        ]
      },
      "condition": "success()",
      "id": "64ea443d-df0e-4cca-9813-993e9f16bda7",
      "name": "__run_3"
    },
    {
      "type": "action",
      "reference": {
        "type": "script"
      },
      "displayNameToken": {
        "type": 0,
        "file": 1,
        "line": 30,
        "col": 13,
        "lit": "Build Docker image for order-service-ecommerce-boot Microservice"
      },
      "contextName": "__run_4",
      "inputs": {
        "type": 2,
        "map": [
          {
            "key": "script",
            "value": {
              "type": 3,
              "file": 1,
              "line": 31,
              "col": 12,
              "expr": "format('docker build -f order-service/Dockerfile -t {0}/order-service-ecommerce-boot:{1}dev .', secrets.DOCKER_USERNAME, secrets.PROJECT_VERSION)"
            }
          }
        ]
      },
      "condition": "success()",
      "id": "d057d251-a3ce-47b6-ab91-c994e7ac7598",
      "name": "__run_4"
    },
    {
      "type": "action",
      "reference": {
        "type": "script"
      },
      "displayNameToken": {
        "type": 0,
        "file": 1,
        "line": 32,
        "col": 13,
        "lit": "Push order-service-ecommerce-boot image"
      },
      "contextName": "__run_5",
      "inputs": {
        "type": 2,
        "map": [
          {
            "key": "script",
            "value": {
              "type": 3,
              "file": 1,
              "line": 33,
              "col": 12,
              "expr": "format('docker push {0}/order-service-ecommerce-boot:{1}dev', secrets.DOCKER_USERNAME, secrets.PROJECT_VERSION)"
            }
          }
        ]
      },
      "condition": "success()",
      "id": "72f1c23e-e25d-489b-aa33-4d84a77e4596",
      "name": "__run_5"
    },
    {
      "type": "action",
      "reference": {
        "type": "script"
      },
      "displayNameToken": {
        "type": 0,
        "file": 1,
        "line": 35,
        "col": 13,
        "lit": "Set up kubeconfig"
      },
      "contextName": "__run_6",
      "inputs": {
        "type": 2,
        "map": [
          {
            "key": "script",
            "value": {
              "type": 3,
              "file": 1,
              "line": 36,
              "col": 12,
              "expr": "format('mkdir $env:USERPROFILE\\.kube\nSet-Content -Path \"$env:USERPROFILE\\.kube\\config\" -Value \"{0}\"\n', secrets.KUBECONFIG)"
            }
          }
        ]
      },
      "condition": "success()",
      "id": "0d636ffd-e552-476c-9e4e-7ede1856249e",
      "name": "__run_6"
    },
    {
      "type": "action",
      "reference": {
        "type": "script"
      },
      "displayNameToken": {
        "type": 0,
        "file": 1,
        "line": 39,
        "col": 13,
        "lit": "Deploy to Kubernetes"
      },
      "contextName": "__run_7",
      "inputs": {
        "type": 2,
        "map": [
          {
            "key": "script",
            "value": {
              "type": 0,
              "file": 1,
              "line": 40,
              "col": 12,
              "lit": "kubectl apply -f k8s/ --kubeconfig=\"$env:USERPROFILE\\.kube\\config\" --validate=false\n"
            }
          }
        ]
      },
      "condition": "success()",
      "id": "b9812419-ec29-4dd3-9087-8bba6c3829df",
      "name": "__run_7"
    }
  ],
  "variables": {
    "Actions.EnableHttpRedirects": {
      "value": "true"
    },
    "DOCKER_PASSWORD": {
      "value": "***",
      "isSecret": true
    },
    "DOCKER_USERNAME": {
      "value": "***",
      "isSecret": true
    },
    "DistributedTask.AddWarningToNode12Action": {
      "value": "true"
    },
    "DistributedTask.AddWarningToNode16Action": {
      "value": "true"
    },
    "DistributedTask.AllowRunnerContainerHooks": {
      "value": "true"
    },
    "DistributedTask.DeprecateStepOutputCommands": {
      "value": "true"
    },
    "DistributedTask.DetailUntarFailure": {
      "value": "true"
    },
    "DistributedTask.EnableCompositeActions": {
      "value": "true"
    },
    "DistributedTask.EnableJobServerQueueTelemetry": {
      "value": "true"
    },
    "DistributedTask.EnhancedAnnotations": {
      "value": "true"
    },
    "DistributedTask.ForceGithubJavascriptActionsToNode16": {
      "value": "true"
    },
    "DistributedTask.ForceGithubJavascriptActionsToNode20": {
      "value": "true"
    },
    "DistributedTask.LogTemplateErrorsAsDebugMessages": {
      "value": "true"
    },
    "DistributedTask.MarkJobAsFailedOnWorkerCrash": {
      "value": "true"
    },
    "DistributedTask.NewActionMetadata": {
      "value": "true"
    },
    "DistributedTask.UploadStepSummary": {
      "value": "true"
    },
    "DistributedTask.UseActionArchiveCache": {
      "value": "true"
    },
    "DistributedTask.UseWhich2": {
      "value": "true"
    },
    "KUBECONFIG": {
      "value": "***",
      "isSecret": true
    },
    "PROJECT_VERSION": {
      "value": "***",
      "isSecret": true
    },
    "RunService.FixEmbeddedIssues": {
      "value": "true"
    },
    "actions_add_check_run_id_to_job_context": {
      "value": "true"
    },
    "actions_container_action_runner_temp": {
      "value": "false"
    },
    "actions_display_helpful_actions_download_errors": {
      "value": "true"
    },
    "actions_skip_retry_complete_job_upon_known_errors": {
      "value": "true"
    },
    "actions_uses_cache_service_v2": {
      "value": "true"
    },
    "github_token": {
      "value": "***",
      "isSecret": true
    },
    "system.from_run_service": {
      "value": "true"
    },
    "system.github.job": {
      "value": "build_push"
    },
    "system.github.launch_endpoint": {
      "value": "https://launch.actions.githubusercontent.com"
    },
    "system.github.results_endpoint": {
      "value": "https://results-receiver.actions.githubusercontent.com/"
    },
    "system.github.results_upload_with_sdk": {
      "value": "true"
    },
    "system.github.token": {
      "value": "***",
      "isSecret": true
    },
    "system.github.token.permissions": {
      "value": "{\"Actions\":\"write\",\"Attestations\":\"write\",\"Checks\":\"write\",\"Contents\":\"write\",\"Deployments\":\"write\",\"Discussions\":\"write\",\"Issues\":\"write\",\"Metadata\":\"read\",\"Models\":\"read\",\"Packages\":\"write\",\"Pages\":\"write\",\"PullRequests\":\"write\",\"RepositoryProjects\":\"write\",\"SecurityEvents\":\"write\",\"Statuses\":\"write\"}"
    },
    "system.orchestrationId": {
      "value": "3f36746c-8d95-42c5-9de1-efe3a12ccc63.build_push.__default"
    },
    "system.phaseDisplayName": {
      "value": "build_push"
    },
    "system.runner.lowdiskspacethreshold": {
      "value": "100"
    },
    "system.runnerEnvironment": {
      "value": "self-hosted"
    },
    "system.runnerGroupName": {
      "value": "Default"
    }
  },
  "messageType": "RunnerJobRequest",
  "plan": {
    "scopeIdentifier": "00000000-0000-0000-0000-000000000000",
    "planType": "actions",
    "version": 0,
    "planId": "3f36746c-8d95-42c5-9de1-efe3a12ccc63",
    "planGroup": null,
    "artifactUri": null,
    "artifactLocation": null,
    "definition": null,
    "owner": null
  },
  "timeline": {
    "id": "3f36746c-8d95-42c5-9de1-efe3a12ccc63",
    "changeId": 0,
    "location": null
  },
  "jobId": "a920611c-8f31-51c6-85f0-578e74a6601b",
  "jobDisplayName": "build_push",
  "jobName": "__default",
  "requestId": 0,
  "lockedUntil": "0001-01-01T00:00:00",
  "resources": {
    "endpoints": [
      {
        "data": {
          "ServerId": "",
          "ServerName": "",
          "CacheServerUrl": "https://artifactcache.actions.githubusercontent.com/a3H7VYbqk9a1dymGvyIFKoNDqxcGkAkEneoPM4SywrIm1wKxAD/",
          "FeedStreamUrl": "wss://results-receiver.actions.githubusercontent.com/_ws/ingest.sock",
          "ResultsServiceUrl": "https://results-receiver.actions.githubusercontent.com/",
          "PipelinesServiceUrl": "https://pipelinesghubeus7.actions.githubusercontent.com/a3H7VYbqk9a1dymGvyIFKoNDqxcGkAkEneoPM4SywrIm1wKxAD/",
          "GenerateIdTokenUrl": ""
        },
        "name": "SystemVssConnection",
        "url": "https://run-actions-1-azure-eastus.actions.githubusercontent.com/17/",
        "authorization": {
          "parameters": {
            "AccessToken": "***"
          },
          "scheme": "OAuth"
        },
        "isShared": false,
        "isReady": true
      }
    ]
  },
  "contextData": {
    "github": {
      "t": 2,
      "d": [
        {
          "k": "ref",
          "v": "refs/heads/dev"
        },
        {
          "k": "sha",
          "v": "2d04a499c062d8ab06a7950f6483d8f36005e4a6"
        },
        {
          "k": "repository",
          "v": "Freddyedd21/ecommerce-microservice-backend-app"
        },
        {
          "k": "repository_owner",
          "v": "Freddyedd21"
        },
        {
          "k": "repository_owner_id",
          "v": "115104098"
        },
        {
          "k": "repositoryUrl",
          "v": "git://github.com/Freddyedd21/ecommerce-microservice-backend-app.git"
        },
        {
          "k": "run_id",
          "v": "18807964213"
        },
        {
          "k": "run_number",
          "v": "9"
        },
        {
          "k": "retention_days",
          "v": "90"
        },
        {
          "k": "run_attempt",
          "v": "1"
        },
        {
          "k": "artifact_cache_size_limit",
          "v": "10"
        },
        {
          "k": "repository_visibility",
          "v": "public"
        },
        {
          "k": "actor_id",
          "v": "115104098"
        },
        {
          "k": "actor",
          "v": "Freddyedd21"
        },
        {
          "k": "workflow",
          "v": "Prod, on PUSH Java CI/CD of order-service-ecommerce-boot, ecommerce-microservice-backend app"
        },
        {
          "k": "head_ref",
          "v": ""
        },
        {
          "k": "base_ref",
          "v": ""
        },
        {
          "k": "event_name",
          "v": "push"
        },
        {
          "k": "server_url",
          "v": "https://github.com"
        },
        {
          "k": "api_url",
          "v": "https://api.github.com"
        },
        {
          "k": "graphql_url",
          "v": "https://api.github.com/graphql"
        },
        {
          "k": "ref_name",
          "v": "dev"
        },
        {
          "k": "ref_protected",
          "v": false
        },
        {
          "k": "ref_type",
          "v": "branch"
        },
        {
          "k": "secret_source",
          "v": "Actions"
        },
        {
          "k": "event",
          "v": {
            "t": 2,
            "d": [
              {
                "k": "after",
                "v": "2d04a499c062d8ab06a7950f6483d8f36005e4a6"
              },
              {
                "k": "base_ref",
                "v": null
              },
              {
                "k": "before",
                "v": "690d82e4ed45441b803548039eac007d6223263e"
              },
              {
                "k": "commits",
                "v": {
                  "t": 1,
                  "a": [
                    {
                      "t": 2,
                      "d": [
                        {
                          "k": "author",
                          "v": {
                            "t": 2,
                            "d": [
                              {
                                "k": "email",
                                "v": "samuelalvarez2221@gmail.com"
                              },
                              {
                                "k": "name",
                                "v": "samuelalvarez2221"
                              },
                              {
                                "k": "username",
                                "v": "Freddyedd21"
                              }
                            ]
                          }
                        },
                        {
                          "k": "committer",
                          "v": {
                            "t": 2,
                            "d": [
                              {
                                "k": "email",
                                "v": "samuelalvarez2221@gmail.com"
                              },
                              {
                                "k": "name",
                                "v": "samuelalvarez2221"
                              },
                              {
                                "k": "username",
                                "v": "Freddyedd21"
                              }
                            ]
                          }
                        },
                        {
                          "k": "distinct",
                          "v": true
                        },
                        {
                          "k": "id",
                          "v": "2d04a499c062d8ab06a7950f6483d8f36005e4a6"
                        },
                        {
                          "k": "message",
                          "v": "fix: upload runner action in git hub"
                        },
                        {
                          "k": "timestamp",
                          "v": "2025-10-25T15:14:04-05:00"
                        },
                        {
                          "k": "tree_id",
                          "v": "455bcfe1403566a36c28f56463b349e68c095049"
                        },
                        {
                          "k": "url",
                          "v": "https://github.com/Freddyedd21/ecommerce-microservice-backend-app/commit/2d04a499c062d8ab06a7950f6483d8f36005e4a6"
                        }
                      ]
                    }
                  ]
                }
              },
              {
                "k": "compare",
                "v": "https://github.com/Freddyedd21/ecommerce-microservice-backend-app/compare/690d82e4ed45...2d04a499c062"
              },
              {
                "k": "created",
                "v": false
              },
              {
                "k": "deleted",
                "v": false
              },
              {
                "k": "forced",
                "v": false
              },
              {
                "k": "head_commit",
                "v": {
                  "t": 2,
                  "d": [
                    {
                      "k": "author",
                      "v": {
                        "t": 2,
                        "d": [
                          {
                            "k": "email",
                            "v": "samuelalvarez2221@gmail.com"
                          },
                          {
                            "k": "name",
                            "v": "samuelalvarez2221"
                          },
                          {
                            "k": "username",
                            "v": "Freddyedd21"
                          }
                        ]
                      }
                    },
                    {
                      "k": "committer",
                      "v": {
                        "t": 2,
                        "d": [
                          {
                            "k": "email",
                            "v": "samuelalvarez2221@gmail.com"
                          },
                          {
                            "k": "name",
                            "v": "samuelalvarez2221"
                          },
                          {
                            "k": "username",
                            "v": "Freddyedd21"
                          }
                        ]
                      }
                    },
                    {
                      "k": "distinct",
                      "v": true
                    },
                    {
                      "k": "id",
                      "v": "2d04a499c062d8ab06a7950f6483d8f36005e4a6"
                    },
                    {
                      "k": "message",
                      "v": "fix: upload runner action in git hub"
                    },
                    {
                      "k": "timestamp",
                      "v": "2025-10-25T15:14:04-05:00"
                    },
                    {
                      "k": "tree_id",
                      "v": "455bcfe1403566a36c28f56463b349e68c095049"
                    },
                    {
                      "k": "url",
                      "v": "https://github.com/Freddyedd21/ecommerce-microservice-backend-app/commit/2d04a499c062d8ab06a7950f6483d8f36005e4a6"
                    }
                  ]
                }
              },
              {
                "k": "pusher",
                "v": {
                  "t": 2,
                  "d": [
                    {
                      "k": "email",
                      "v": "115104098+Freddyedd21@users.noreply.github.com"
                    },
                    {
                      "k": "name",
                      "v": "Freddyedd21"
                    }
                  ]
                }
              },
              {
                "k": "ref",
                "v": "refs/heads/dev"
              },
              {
                "k": "repository",
                "v": {
                  "t": 2,
                  "d": [
                    {
                      "k": "allow_forking",
                      "v": true
                    },
                    {
                      "k": "archive_url",
                      "v": "https://api.github.com/repos/Freddyedd21/ecommerce-microservice-backend-app/{archive_format}{/ref}"
                    },
                    {
                      "k": "archived",
                      "v": false
                    },
                    {
                      "k": "assignees_url",
                      "v": "https://api.github.com/repos/Freddyedd21/ecommerce-microservice-backend-app/assignees{/user}"
                    },
                    {
                      "k": "blobs_url",
                      "v": "https://api.github.com/repos/Freddyedd21/ecommerce-microservice-backend-app/git/blobs{/sha}"
                    },
                    {
                      "k": "branches_url",
                      "v": "https://api.github.com/repos/Freddyedd21/ecommerce-microservice-backend-app/branches{/branch}"
                    },
                    {
                      "k": "clone_url",
                      "v": "https://github.com/Freddyedd21/ecommerce-microservice-backend-app.git"
                    },
                    {
                      "k": "collaborators_url",
                      "v": "https://api.github.com/repos/Freddyedd21/ecommerce-microservice-backend-app/collaborators{/collaborator}"
                    },
                    {
                      "k": "comments_url",
                      "v": "https://api.github.com/repos/Freddyedd21/ecommerce-microservice-backend-app/comments{/number}"
                    },
                    {
                      "k": "commits_url",
                      "v": "https://api.github.com/repos/Freddyedd21/ecommerce-microservice-backend-app/commits{/sha}"
                    },
                    {
                      "k": "compare_url",
                      "v": "https://api.github.com/repos/Freddyedd21/ecommerce-microservice-backend-app/compare/{base}...{head}"
                    },
                    {
                      "k": "contents_url",
                      "v": "https://api.github.com/repos/Freddyedd21/ecommerce-microservice-backend-app/contents/{+path}"
                    },
                    {
                      "k": "contributors_url",
                      "v": "https://api.github.com/repos/Freddyedd21/ecommerce-microservice-backend-app/contributors"
                    },
                    {
                      "k": "created_at",
                      "v": 1760892506.0
                    },
                    {
                      "k": "default_branch",
                      "v": "master"
                    },
                    {
                      "k": "deployments_url",
                      "v": "https://api.github.com/repos/Freddyedd21/ecommerce-microservice-backend-app/deployments"
                    },
                    {
                      "k": "description",
                      "v": "Spring Boot microservices app with Spring Cloud, Robust and resilient backend managing e-Commerce app"
                    },
                    {
                      "k": "disabled",
                      "v": false
                    },
                    {
                      "k": "downloads_url",
                      "v": "https://api.github.com/repos/Freddyedd21/ecommerce-microservice-backend-app/downloads"
                    },
                    {
                      "k": "events_url",
                      "v": "https://api.github.com/repos/Freddyedd21/ecommerce-microservice-backend-app/events"
                    },
                    {
                      "k": "fork",
                      "v": true
                    },
                    {
                      "k": "forks",
                      "v": 0.0
                    },
                    {
                      "k": "forks_count",
                      "v": 0.0
                    },
                    {
                      "k": "forks_url",
                      "v": "https://api.github.com/repos/Freddyedd21/ecommerce-microservice-backend-app/forks"
                    },
                    {
                      "k": "full_name",
                      "v": "Freddyedd21/ecommerce-microservice-backend-app"
                    },
                    {
                      "k": "git_commits_url",
                      "v": "https://api.github.com/repos/Freddyedd21/ecommerce-microservice-backend-app/git/commits{/sha}"
                    },
                    {
                      "k": "git_refs_url",
                      "v": "https://api.github.com/repos/Freddyedd21/ecommerce-microservice-backend-app/git/refs{/sha}"
                    },
                    {
                      "k": "git_tags_url",
                      "v": "https://api.github.com/repos/Freddyedd21/ecommerce-microservice-backend-app/git/tags{/sha}"
                    },
                    {
                      "k": "git_url",
                      "v": "git://github.com/Freddyedd21/ecommerce-microservice-backend-app.git"
                    },
                    {
                      "k": "has_discussions",
                      "v": false
                    },
                    {
                      "k": "has_downloads",
                      "v": true
                    },
                    {
                      "k": "has_issues",
                      "v": false
                    },
                    {
                      "k": "has_pages",
                      "v": false
                    },
                    {
                      "k": "has_projects",
                      "v": true
                    },
                    {
                      "k": "has_wiki",
                      "v": true
                    },
                    {
                      "k": "homepage",
                      "v": ""
                    },
                    {
                      "k": "hooks_url",
                      "v": "https://api.github.com/repos/Freddyedd21/ecommerce-microservice-backend-app/hooks"
                    },
                    {
                      "k": "html_url",
                      "v": "https://github.com/Freddyedd21/ecommerce-microservice-backend-app"
                    },
                    {
                      "k": "id",
                      "v": 1079360864.0
                    },
                    {
                      "k": "is_template",
                      "v": false
                    },
                    {
                      "k": "issue_comment_url",
                      "v": "https://api.github.com/repos/Freddyedd21/ecommerce-microservice-backend-app/issues/comments{/number}"
                    },
                    {
                      "k": "issue_events_url",
                      "v": "https://api.github.com/repos/Freddyedd21/ecommerce-microservice-backend-app/issues/events{/number}"
                    },
                    {
                      "k": "issues_url",
                      "v": "https://api.github.com/repos/Freddyedd21/ecommerce-microservice-backend-app/issues{/number}"
                    },
                    {
                      "k": "keys_url",
                      "v": "https://api.github.com/repos/Freddyedd21/ecommerce-microservice-backend-app/keys{/key_id}"
                    },
                    {
                      "k": "labels_url",
                      "v": "https://api.github.com/repos/Freddyedd21/ecommerce-microservice-backend-app/labels{/name}"
                    },
                    {
                      "k": "language",
                      "v": null
                    },
                    {
                      "k": "languages_url",
                      "v": "https://api.github.com/repos/Freddyedd21/ecommerce-microservice-backend-app/languages"
                    },
                    {
                      "k": "license",
                      "v": null
                    },
                    {
                      "k": "master_branch",
                      "v": "master"
                    },
                    {
                      "k": "merges_url",
                      "v": "https://api.github.com/repos/Freddyedd21/ecommerce-microservice-backend-app/merges"
                    },
                    {
                      "k": "milestones_url",
                      "v": "https://api.github.com/repos/Freddyedd21/ecommerce-microservice-backend-app/milestones{/number}"
                    },
                    {
                      "k": "mirror_url",
                      "v": null
                    },
                    {
                      "k": "name",
                      "v": "ecommerce-microservice-backend-app"
                    },
                    {
                      "k": "node_id",
                      "v": "R_kgDOQFW9YA"
                    },
                    {
                      "k": "notifications_url",
                      "v": "https://api.github.com/repos/Freddyedd21/ecommerce-microservice-backend-app/notifications{?since,all,participating}"
                    },
                    {
                      "k": "open_issues",
                      "v": 0.0
                    },
                    {
                      "k": "open_issues_count",
                      "v": 0.0
                    },
                    {
                      "k": "owner",
                      "v": {
                        "t": 2,
                        "d": [
                          {
                            "k": "avatar_url",
                            "v": "https://avatars.githubusercontent.com/u/115104098?v=4"
                          },
                          {
                            "k": "email",
                            "v": "115104098+Freddyedd21@users.noreply.github.com"
                          },
                          {
                            "k": "events_url",
                            "v": "https://api.github.com/users/Freddyedd21/events{/privacy}"
                          },
                          {
                            "k": "followers_url",
                            "v": "https://api.github.com/users/Freddyedd21/followers"
                          },
                          {
                            "k": "following_url",
                            "v": "https://api.github.com/users/Freddyedd21/following{/other_user}"
                          },
                          {
                            "k": "gists_url",
                            "v": "https://api.github.com/users/Freddyedd21/gists{/gist_id}"
                          },
                          {
                            "k": "gravatar_id",
                            "v": ""
                          },
                          {
                            "k": "html_url",
                            "v": "https://github.com/Freddyedd21"
                          },
                          {
                            "k": "id",
                            "v": 115104098.0
                          },
                          {
                            "k": "login",
                            "v": "Freddyedd21"
                          },
                          {
                            "k": "name",
                            "v": "Freddyedd21"
                          },
                          {
                            "k": "node_id",
                            "v": "U_kgDOBtxZYg"
                          },
                          {
                            "k": "organizations_url",
                            "v": "https://api.github.com/users/Freddyedd21/orgs"
                          },
                          {
                            "k": "received_events_url",
                            "v": "https://api.github.com/users/Freddyedd21/received_events"
                          },
                          {
                            "k": "repos_url",
                            "v": "https://api.github.com/users/Freddyedd21/repos"
                          },
                          {
                            "k": "site_admin",
                            "v": false
                          },
                          {
                            "k": "starred_url",
                            "v": "https://api.github.com/users/Freddyedd21/starred{/owner}{/repo}"
                          },
                          {
                            "k": "subscriptions_url",
                            "v": "https://api.github.com/users/Freddyedd21/subscriptions"
                          },
                          {
                            "k": "type",
                            "v": "User"
                          },
                          {
                            "k": "url",
                            "v": "https://api.github.com/users/Freddyedd21"
                          },
                          {
                            "k": "user_view_type",
                            "v": "public"
                          }
                        ]
                      }
                    },
                    {
                      "k": "private",
                      "v": false
                    },
                    {
                      "k": "pulls_url",
                      "v": "https://api.github.com/repos/Freddyedd21/ecommerce-microservice-backend-app/pulls{/number}"
                    },
                    {
                      "k": "pushed_at",
                      "v": 1761423254.0
                    },
                    {
                      "k": "releases_url",
                      "v": "https://api.github.com/repos/Freddyedd21/ecommerce-microservice-backend-app/releases{/id}"
                    },
                    {
                      "k": "size",
                      "v": 2441.0
                    },
                    {
                      "k": "ssh_url",
                      "v": "git@github.com:Freddyedd21/ecommerce-microservice-backend-app.git"
                    },
                    {
                      "k": "stargazers",
                      "v": 0.0
                    },
                    {
                      "k": "stargazers_count",
                      "v": 0.0
                    },
                    {
                      "k": "stargazers_url",
                      "v": "https://api.github.com/repos/Freddyedd21/ecommerce-microservice-backend-app/stargazers"
                    },
                    {
                      "k": "statuses_url",
                      "v": "https://api.github.com/repos/Freddyedd21/ecommerce-microservice-backend-app/statuses/{sha}"
                    },
                    {
                      "k": "subscribers_url",
                      "v": "https://api.github.com/repos/Freddyedd21/ecommerce-microservice-backend-app/subscribers"
                    },
                    {
                      "k": "subscription_url",
                      "v": "https://api.github.com/repos/Freddyedd21/ecommerce-microservice-backend-app/subscription"
                    },
                    {
                      "k": "svn_url",
                      "v": "https://github.com/Freddyedd21/ecommerce-microservice-backend-app"
                    },
                    {
                      "k": "tags_url",
                      "v": "https://api.github.com/repos/Freddyedd21/ecommerce-microservice-backend-app/tags"
                    },
                    {
                      "k": "teams_url",
                      "v": "https://api.github.com/repos/Freddyedd21/ecommerce-microservice-backend-app/teams"
                    },
                    {
                      "k": "topics",
                      "v": {
                        "t": 1
                      }
                    },
                    {
                      "k": "trees_url",
                      "v": "https://api.github.com/repos/Freddyedd21/ecommerce-microservice-backend-app/git/trees{/sha}"
                    },
                    {
                      "k": "updated_at",
                      "v": "2025-10-19T16:48:26Z"
                    },
                    {
                      "k": "url",
                      "v": "https://api.github.com/repos/Freddyedd21/ecommerce-microservice-backend-app"
                    },
                    {
                      "k": "visibility",
                      "v": "public"
                    },
                    {
                      "k": "watchers",
                      "v": 0.0
                    },
                    {
                      "k": "watchers_count",
                      "v": 0.0
                    },
                    {
                      "k": "web_commit_signoff_required",
                      "v": false
                    }
                  ]
                }
              },
              {
                "k": "sender",
                "v": {
                  "t": 2,
                  "d": [
                    {
                      "k": "avatar_url",
                      "v": "https://avatars.githubusercontent.com/u/115104098?v=4"
                    },
                    {
                      "k": "events_url",
                      "v": "https://api.github.com/users/Freddyedd21/events{/privacy}"
                    },
                    {
                      "k": "followers_url",
                      "v": "https://api.github.com/users/Freddyedd21/followers"
                    },
                    {
                      "k": "following_url",
                      "v": "https://api.github.com/users/Freddyedd21/following{/other_user}"
                    },
                    {
                      "k": "gists_url",
                      "v": "https://api.github.com/users/Freddyedd21/gists{/gist_id}"
                    },
                    {
                      "k": "gravatar_id",
                      "v": ""
                    },
                    {
                      "k": "html_url",
                      "v": "https://github.com/Freddyedd21"
                    },
                    {
                      "k": "id",
                      "v": 115104098.0
                    },
                    {
                      "k": "login",
                      "v": "Freddyedd21"
                    },
                    {
                      "k": "node_id",
                      "v": "U_kgDOBtxZYg"
                    },
                    {
                      "k": "organizations_url",
                      "v": "https://api.github.com/users/Freddyedd21/orgs"
                    },
                    {
                      "k": "received_events_url",
                      "v": "https://api.github.com/users/Freddyedd21/received_events"
                    },
                    {
                      "k": "repos_url",
                      "v": "https://api.github.com/users/Freddyedd21/repos"
                    },
                    {
                      "k": "site_admin",
                      "v": false
                    },
                    {
                      "k": "starred_url",
                      "v": "https://api.github.com/users/Freddyedd21/starred{/owner}{/repo}"
                    },
                    {
                      "k": "subscriptions_url",
                      "v": "https://api.github.com/users/Freddyedd21/subscriptions"
                    },
                    {
                      "k": "type",
                      "v": "User"
                    },
                    {
                      "k": "url",
                      "v": "https://api.github.com/users/Freddyedd21"
                    },
                    {
                      "k": "user_view_type",
                      "v": "public"
                    }
                  ]
                }
              }
            ]
          }
        },
        {
          "k": "workflow_ref",
          "v": "Freddyedd21/ecommerce-microservice-backend-app/.github/workflows/order-service-pipeline-dev-push.yml@refs/heads/dev"
        },
        {
          "k": "workflow_sha",
          "v": "2d04a499c062d8ab06a7950f6483d8f36005e4a6"
        },
        {
          "k": "repository_id",
          "v": "1079360864"
        },
        {
          "k": "triggering_actor",
          "v": "Freddyedd21"
        }
      ]
    },
    "inputs": {
      "t": 2
    },
    "job": {
      "t": 2,
      "d": [
        {
          "k": "check_run_id",
          "v": 53664989496.0
        }
      ]
    },
    "matrix": null,
    "needs": {
      "t": 2
    },
    "strategy": {
      "t": 2,
      "d": [
        {
          "k": "fail-fast",
          "v": true
        },
        {
          "k": "job-index",
          "v": 0.0
        },
        {
          "k": "job-total",
          "v": 1.0
        },
        {
          "k": "max-parallel",
          "v": 1.0
        }
      ]
    },
    "vars": {
      "t": 2
    }
  },
  "billingOwnerId": "U_kgDOBtxZYg"
}
[2025-10-25 20:21:23Z INFO JobRunner] Job ID a920611c-8f31-51c6-85f0-578e74a6601b
[2025-10-25 20:21:23Z INFO ConfigurationStore] currentAssemblyLocation: C:\Users\CTecn\Desktop\ecommerce-microservice-backend-app\actions-runner\bin\Runner.Worker.dll
[2025-10-25 20:21:23Z INFO HostContext] Well known directory 'Bin': 'C:\Users\CTecn\Desktop\ecommerce-microservice-backend-app\actions-runner\bin'
[2025-10-25 20:21:23Z INFO ConfigurationStore] binPath: C:\Users\CTecn\Desktop\ecommerce-microservice-backend-app\actions-runner\bin
[2025-10-25 20:21:23Z INFO HostContext] Well known directory 'Bin': 'C:\Users\CTecn\Desktop\ecommerce-microservice-backend-app\actions-runner\bin'
[2025-10-25 20:21:23Z INFO HostContext] Well known directory 'Root': 'C:\Users\CTecn\Desktop\ecommerce-microservice-backend-app\actions-runner'
[2025-10-25 20:21:23Z INFO ConfigurationStore] RootFolder: C:\Users\CTecn\Desktop\ecommerce-microservice-backend-app\actions-runner
[2025-10-25 20:21:23Z INFO HostContext] Well known directory 'Bin': 'C:\Users\CTecn\Desktop\ecommerce-microservice-backend-app\actions-runner\bin'
[2025-10-25 20:21:23Z INFO HostContext] Well known directory 'Root': 'C:\Users\CTecn\Desktop\ecommerce-microservice-backend-app\actions-runner'
[2025-10-25 20:21:23Z INFO HostContext] Well known config file 'Runner': 'C:\Users\CTecn\Desktop\ecommerce-microservice-backend-app\actions-runner\.runner'
[2025-10-25 20:21:23Z INFO ConfigurationStore] ConfigFilePath: C:\Users\CTecn\Desktop\ecommerce-microservice-backend-app\actions-runner\.runner
[2025-10-25 20:21:23Z INFO HostContext] Well known directory 'Bin': 'C:\Users\CTecn\Desktop\ecommerce-microservice-backend-app\actions-runner\bin'
[2025-10-25 20:21:23Z INFO HostContext] Well known directory 'Root': 'C:\Users\CTecn\Desktop\ecommerce-microservice-backend-app\actions-runner'
[2025-10-25 20:21:23Z INFO HostContext] Well known config file 'MigratedRunner': 'C:\Users\CTecn\Desktop\ecommerce-microservice-backend-app\actions-runner\.runner_migrated'
[2025-10-25 20:21:23Z INFO ConfigurationStore] MigratedConfigFilePath: C:\Users\CTecn\Desktop\ecommerce-microservice-backend-app\actions-runner\.runner_migrated
[2025-10-25 20:21:23Z INFO HostContext] Well known directory 'Bin': 'C:\Users\CTecn\Desktop\ecommerce-microservice-backend-app\actions-runner\bin'
[2025-10-25 20:21:23Z INFO HostContext] Well known directory 'Root': 'C:\Users\CTecn\Desktop\ecommerce-microservice-backend-app\actions-runner'
[2025-10-25 20:21:23Z INFO HostContext] Well known config file 'Credentials': 'C:\Users\CTecn\Desktop\ecommerce-microservice-backend-app\actions-runner\.credentials'
[2025-10-25 20:21:23Z INFO ConfigurationStore] CredFilePath: C:\Users\CTecn\Desktop\ecommerce-microservice-backend-app\actions-runner\.credentials
[2025-10-25 20:21:23Z INFO HostContext] Well known directory 'Bin': 'C:\Users\CTecn\Desktop\ecommerce-microservice-backend-app\actions-runner\bin'
[2025-10-25 20:21:23Z INFO HostContext] Well known directory 'Root': 'C:\Users\CTecn\Desktop\ecommerce-microservice-backend-app\actions-runner'
[2025-10-25 20:21:23Z INFO HostContext] Well known config file 'MigratedCredentials': 'C:\Users\CTecn\Desktop\ecommerce-microservice-backend-app\actions-runner\.credentials_migrated'
[2025-10-25 20:21:23Z INFO ConfigurationStore] MigratedCredFilePath: C:\Users\CTecn\Desktop\ecommerce-microservice-backend-app\actions-runner\.credentials_migrated
[2025-10-25 20:21:23Z INFO HostContext] Well known directory 'Bin': 'C:\Users\CTecn\Desktop\ecommerce-microservice-backend-app\actions-runner\bin'
[2025-10-25 20:21:23Z INFO HostContext] Well known directory 'Root': 'C:\Users\CTecn\Desktop\ecommerce-microservice-backend-app\actions-runner'
[2025-10-25 20:21:23Z INFO HostContext] Well known config file 'Service': 'C:\Users\CTecn\Desktop\ecommerce-microservice-backend-app\actions-runner\.service'
[2025-10-25 20:21:23Z INFO ConfigurationStore] ServiceConfigFilePath: C:\Users\CTecn\Desktop\ecommerce-microservice-backend-app\actions-runner\.service
[2025-10-25 20:21:23Z INFO ConfigurationStore] Read setting file: 421 chars
[2025-10-25 20:21:23Z INFO JobRunner] Initializing launch client
[2025-10-25 20:21:23Z INFO JobServerQueue] Initializing results client
[2025-10-25 20:21:23Z INFO ResultServer] Creating websocket client ...wss://results-receiver.actions.githubusercontent.com/_ws/ingest.sock
[2025-10-25 20:21:23Z INFO ResultServer] Attempting to start websocket client with delay 00:00:00.
[2025-10-25 20:21:23Z INFO JobServerQueue] Start process web console line queue.
[2025-10-25 20:21:23Z INFO JobServerQueue] Start process file upload queue.
[2025-10-25 20:21:23Z INFO JobServerQueue] Start results file upload queue.
[2025-10-25 20:21:23Z INFO JobServerQueue] Starting results-based upload queue...
[2025-10-25 20:21:23Z INFO JobServerQueue] Start process timeline update queue.
[2025-10-25 20:21:23Z INFO ExecutionContext] Initializing Job context
[2025-10-25 20:21:23Z INFO ExecutionContext] Initialize GitHub context
[2025-10-25 20:21:23Z INFO ExecutionContext] Initialize Env context
[2025-10-25 20:21:23Z INFO HostContext] Well known directory 'Bin': 'C:\Users\CTecn\Desktop\ecommerce-microservice-backend-app\actions-runner\bin'
[2025-10-25 20:21:23Z INFO HostContext] Well known directory 'Root': 'C:\Users\CTecn\Desktop\ecommerce-microservice-backend-app\actions-runner'
[2025-10-25 20:21:23Z INFO HostContext] Well known directory 'Diag': 'C:\Users\CTecn\Desktop\ecommerce-microservice-backend-app\actions-runner\_diag'
[2025-10-25 20:21:23Z INFO HostContext] Well known directory 'Bin': 'C:\Users\CTecn\Desktop\ecommerce-microservice-backend-app\actions-runner\bin'
[2025-10-25 20:21:23Z INFO HostContext] Well known directory 'Root': 'C:\Users\CTecn\Desktop\ecommerce-microservice-backend-app\actions-runner'
[2025-10-25 20:21:23Z INFO HostContext] Well known directory 'Diag': 'C:\Users\CTecn\Desktop\ecommerce-microservice-backend-app\actions-runner\_diag'
[2025-10-25 20:21:23Z INFO JobRunner] Starting the job execution context.
[2025-10-25 20:21:23Z INFO HostContext] Well known directory 'Bin': 'C:\Users\CTecn\Desktop\ecommerce-microservice-backend-app\actions-runner\bin'
[2025-10-25 20:21:23Z INFO HostContext] Well known directory 'Root': 'C:\Users\CTecn\Desktop\ecommerce-microservice-backend-app\actions-runner'
[2025-10-25 20:21:23Z INFO HostContext] Well known directory 'Work': 'C:\Users\CTecn\Desktop\ecommerce-microservice-backend-app\actions-runner\_work'
[2025-10-25 20:21:23Z INFO JobRunner] Validating directory permissions for: 'C:\Users\CTecn\Desktop\ecommerce-microservice-backend-app\actions-runner\_work'
[2025-10-25 20:21:23Z INFO HostContext] Well known directory 'Bin': 'C:\Users\CTecn\Desktop\ecommerce-microservice-backend-app\actions-runner\bin'
[2025-10-25 20:21:23Z INFO HostContext] Well known directory 'Root': 'C:\Users\CTecn\Desktop\ecommerce-microservice-backend-app\actions-runner'
[2025-10-25 20:21:23Z INFO HostContext] Well known directory 'Work': 'C:\Users\CTecn\Desktop\ecommerce-microservice-backend-app\actions-runner\_work'
[2025-10-25 20:21:23Z INFO HostContext] Well known directory 'Tools': 'C:\Users\CTecn\Desktop\ecommerce-microservice-backend-app\actions-runner\_work\_tool'
[2025-10-25 20:21:23Z INFO HostContext] Well known directory 'Bin': 'C:\Users\CTecn\Desktop\ecommerce-microservice-backend-app\actions-runner\bin'
[2025-10-25 20:21:23Z INFO HostContext] Well known directory 'Root': 'C:\Users\CTecn\Desktop\ecommerce-microservice-backend-app\actions-runner'
[2025-10-25 20:21:23Z INFO HostContext] Well known directory 'Work': 'C:\Users\CTecn\Desktop\ecommerce-microservice-backend-app\actions-runner\_work'
[2025-10-25 20:21:23Z INFO HostContext] Well known directory 'Temp': 'C:\Users\CTecn\Desktop\ecommerce-microservice-backend-app\actions-runner\_work\_temp'
[2025-10-25 20:21:23Z INFO JobRunner] Getting job extension.
[2025-10-25 20:21:23Z INFO JobRunner] Initialize job. Getting all job steps.
[2025-10-25 20:21:23Z INFO HostContext] Well known directory 'Bin': 'C:\Users\CTecn\Desktop\ecommerce-microservice-backend-app\actions-runner\bin'
[2025-10-25 20:21:23Z INFO HostContext] Well known directory 'Root': 'C:\Users\CTecn\Desktop\ecommerce-microservice-backend-app\actions-runner'
[2025-10-25 20:21:23Z INFO HostContext] Well known directory 'Diag': 'C:\Users\CTecn\Desktop\ecommerce-microservice-backend-app\actions-runner\_diag'
[2025-10-25 20:21:23Z INFO HostContext] Well known directory 'Bin': 'C:\Users\CTecn\Desktop\ecommerce-microservice-backend-app\actions-runner\bin'
[2025-10-25 20:21:23Z INFO HostContext] Well known directory 'Root': 'C:\Users\CTecn\Desktop\ecommerce-microservice-backend-app\actions-runner'
[2025-10-25 20:21:23Z INFO HostContext] Well known directory 'Diag': 'C:\Users\CTecn\Desktop\ecommerce-microservice-backend-app\actions-runner\_diag'
[2025-10-25 20:21:23Z INFO HostContext] Well known directory 'Bin': 'C:\Users\CTecn\Desktop\ecommerce-microservice-backend-app\actions-runner\bin'
[2025-10-25 20:21:23Z INFO HostContext] Well known directory 'Root': 'C:\Users\CTecn\Desktop\ecommerce-microservice-backend-app\actions-runner'
[2025-10-25 20:21:23Z INFO HostContext] Well known config file 'Credentials': 'C:\Users\CTecn\Desktop\ecommerce-microservice-backend-app\actions-runner\.credentials'
[2025-10-25 20:21:23Z INFO HostContext] Well known directory 'Bin': 'C:\Users\CTecn\Desktop\ecommerce-microservice-backend-app\actions-runner\bin'
[2025-10-25 20:21:23Z INFO HostContext] Well known directory 'Root': 'C:\Users\CTecn\Desktop\ecommerce-microservice-backend-app\actions-runner'
[2025-10-25 20:21:23Z INFO HostContext] Well known config file 'SetupInfo': 'C:\Users\CTecn\Desktop\ecommerce-microservice-backend-app\actions-runner\.setup_info'
[2025-10-25 20:21:23Z INFO HostContext] Well known directory 'Bin': 'C:\Users\CTecn\Desktop\ecommerce-microservice-backend-app\actions-runner\bin'
[2025-10-25 20:21:23Z INFO HostContext] Well known directory 'Root': 'C:\Users\CTecn\Desktop\ecommerce-microservice-backend-app\actions-runner'
[2025-10-25 20:21:23Z INFO HostContext] Well known directory 'Work': 'C:\Users\CTecn\Desktop\ecommerce-microservice-backend-app\actions-runner\_work'
[2025-10-25 20:21:23Z INFO PipelineDirectoryManager] Loading tracking config if exists: C:\Users\CTecn\Desktop\ecommerce-microservice-backend-app\actions-runner\_work\_PipelineMapping\Freddyedd21/ecommerce-microservice-backend-app\PipelineFolder.json
[2025-10-25 20:21:23Z INFO PipelineDirectoryManager] Updating job run properties.
[2025-10-25 20:21:23Z INFO HostContext] Well known directory 'Bin': 'C:\Users\CTecn\Desktop\ecommerce-microservice-backend-app\actions-runner\bin'
[2025-10-25 20:21:23Z INFO HostContext] Well known directory 'Root': 'C:\Users\CTecn\Desktop\ecommerce-microservice-backend-app\actions-runner'
[2025-10-25 20:21:23Z INFO HostContext] Well known directory 'Work': 'C:\Users\CTecn\Desktop\ecommerce-microservice-backend-app\actions-runner\_work'
[2025-10-25 20:21:23Z INFO HostContext] Well known directory 'Bin': 'C:\Users\CTecn\Desktop\ecommerce-microservice-backend-app\actions-runner\bin'
[2025-10-25 20:21:23Z INFO HostContext] Well known directory 'Root': 'C:\Users\CTecn\Desktop\ecommerce-microservice-backend-app\actions-runner'
[2025-10-25 20:21:23Z INFO HostContext] Well known directory 'Work': 'C:\Users\CTecn\Desktop\ecommerce-microservice-backend-app\actions-runner\_work'
[2025-10-25 20:21:23Z INFO HostContext] Well known directory 'Bin': 'C:\Users\CTecn\Desktop\ecommerce-microservice-backend-app\actions-runner\bin'
[2025-10-25 20:21:23Z INFO HostContext] Well known directory 'Root': 'C:\Users\CTecn\Desktop\ecommerce-microservice-backend-app\actions-runner'
[2025-10-25 20:21:23Z INFO HostContext] Well known directory 'Work': 'C:\Users\CTecn\Desktop\ecommerce-microservice-backend-app\actions-runner\_work'
[2025-10-25 20:21:23Z INFO JobExtension] Downloading actions
[2025-10-25 20:21:23Z INFO HostContext] Well known directory 'Bin': 'C:\Users\CTecn\Desktop\ecommerce-microservice-backend-app\actions-runner\bin'
[2025-10-25 20:21:23Z INFO HostContext] Well known directory 'Root': 'C:\Users\CTecn\Desktop\ecommerce-microservice-backend-app\actions-runner'
[2025-10-25 20:21:23Z INFO HostContext] Well known directory 'Work': 'C:\Users\CTecn\Desktop\ecommerce-microservice-backend-app\actions-runner\_work'
[2025-10-25 20:21:23Z INFO HostContext] Well known directory 'Actions': 'C:\Users\CTecn\Desktop\ecommerce-microservice-backend-app\actions-runner\_work\_actions'
[2025-10-25 20:21:23Z INFO Worker] Listening for cancel message from the channel.
[2025-10-25 20:21:23Z INFO Worker] Waiting for the job to complete or for a cancel message from the channel.
[2025-10-25 20:21:23Z INFO ResultServer] Successfully started websocket client.
[2025-10-25 20:21:23Z INFO JobServerQueue] Try to append 1 batches web console lines for record '2fd0e2dc-8adf-4ebb-af06-7215643e2594', success rate: 1/1.
[2025-10-25 20:21:24Z INFO HostContext] Well known directory 'Bin': 'C:\Users\CTecn\Desktop\ecommerce-microservice-backend-app\actions-runner\bin'
[2025-10-25 20:21:24Z INFO HostContext] Well known directory 'Root': 'C:\Users\CTecn\Desktop\ecommerce-microservice-backend-app\actions-runner'
[2025-10-25 20:21:24Z INFO HostContext] Well known directory 'Work': 'C:\Users\CTecn\Desktop\ecommerce-microservice-backend-app\actions-runner\_work'
[2025-10-25 20:21:24Z INFO HostContext] Well known directory 'Actions': 'C:\Users\CTecn\Desktop\ecommerce-microservice-backend-app\actions-runner\_work\_actions'
[2025-10-25 20:21:24Z INFO HostContext] Well known directory 'Bin': 'C:\Users\CTecn\Desktop\ecommerce-microservice-backend-app\actions-runner\bin'
[2025-10-25 20:21:24Z INFO HostContext] Well known directory 'Root': 'C:\Users\CTecn\Desktop\ecommerce-microservice-backend-app\actions-runner'
[2025-10-25 20:21:24Z INFO HostContext] Well known directory 'Work': 'C:\Users\CTecn\Desktop\ecommerce-microservice-backend-app\actions-runner\_work'
[2025-10-25 20:21:24Z INFO HostContext] Well known directory 'Actions': 'C:\Users\CTecn\Desktop\ecommerce-microservice-backend-app\actions-runner\_work\_actions'
[2025-10-25 20:21:24Z INFO ActionManager] Save archive 'https://api.github.com/repos/actions/checkout/zipball/ee0669bd1cc54295c223e0bb666b733df41de1c5' into C:\Users\CTecn\Desktop\ecommerce-microservice-backend-app\actions-runner\_work\_actions\_temp_ab2f6083-93ca-4593-ad01-4d6b3c841bab\481a050c-b070-4c69-96cc-258626430e2d.zip.
[2025-10-25 20:21:24Z INFO JobServerQueue] Job timeline record has been updated for the first time.
[2025-10-25 20:21:24Z INFO JobServerQueue] Try to append 1 batches web console lines for record '2fd0e2dc-8adf-4ebb-af06-7215643e2594', success rate: 1/1.
[2025-10-25 20:21:25Z INFO ActionManager] Request URL: https://api.github.com/repos/actions/checkout/zipball/ee0669bd1cc54295c223e0bb666b733df41de1c5 X-GitHub-Request-Id: 5D69:14956:1E7CE2:30B1B4:68FD3143 Http Status: OK
[2025-10-25 20:21:25Z INFO ProcessChannel] Receiving message of length 0, with hash 'e3b0c44298fc1c149afbf4c8996fb92427ae41e4649b934ca495991b7852b855'
[2025-10-25 20:21:25Z INFO Worker] Cancellation/Shutdown message received.
[2025-10-25 20:21:25Z INFO HostContext] Runner will be shutdown for UserCancelled
[2025-10-25 20:21:25Z ERR  JobExtension] Caught cancellation exception from JobExtension Initialization: System.OperationCanceledException: The operation was canceled.
   at System.Threading.CancellationToken.ThrowOperationCanceledException()
   at System.Threading.CancellationToken.ThrowIfCancellationRequested()
   at GitHub.Runner.Sdk.IOUtil.CopyDirectory(String source, String target, CancellationToken cancellationToken)
   at GitHub.Runner.Worker.ActionManager.DownloadRepositoryActionAsync(IExecutionContext executionContext, ActionDownloadInfo downloadInfo)
   at GitHub.Runner.Worker.ActionManager.PrepareActionsRecursiveAsync(IExecutionContext executionContext, PrepareActionsState state, IEnumerable`1 actions, Int32 depth, Guid parentStepId)
   at GitHub.Runner.Worker.ActionManager.PrepareActionsAsync(IExecutionContext executionContext, IEnumerable`1 steps, Guid rootStepId)
   at GitHub.Runner.Worker.JobExtension.InitializeJob(IExecutionContext jobContext, AgentJobRequestMessage message)
[2025-10-25 20:21:25Z INFO ExecutionContext] Publish step telemetry for current step {
  "action": "setup_job",
  "type": "runner",
  "stage": "Pre",
  "stepId": "2fd0e2dc-8adf-4ebb-af06-7215643e2594",
  "result": "canceled",
  "errorMessages": [
    "The operation was canceled."
  ],
  "executionTimeInSeconds": 3,
  "startTime": "2025-10-25T20:21:23.4242042Z",
  "finishTime": "2025-10-25T20:21:25.7714941Z"
}.
[2025-10-25 20:21:25Z ERR  JobRunner] Job is cancelled during initialize.
[2025-10-25 20:21:25Z ERR  JobRunner] Caught exception: System.OperationCanceledException: The operation was canceled.
   at System.Threading.CancellationToken.ThrowOperationCanceledException()
   at System.Threading.CancellationToken.ThrowIfCancellationRequested()
   at GitHub.Runner.Sdk.IOUtil.CopyDirectory(String source, String target, CancellationToken cancellationToken)
   at GitHub.Runner.Worker.ActionManager.DownloadRepositoryActionAsync(IExecutionContext executionContext, ActionDownloadInfo downloadInfo)
   at GitHub.Runner.Worker.ActionManager.PrepareActionsRecursiveAsync(IExecutionContext executionContext, PrepareActionsState state, IEnumerable`1 actions, Int32 depth, Guid parentStepId)
   at GitHub.Runner.Worker.ActionManager.PrepareActionsAsync(IExecutionContext executionContext, IEnumerable`1 steps, Guid rootStepId)
   at GitHub.Runner.Worker.JobExtension.InitializeJob(IExecutionContext jobContext, AgentJobRequestMessage message)
   at GitHub.Runner.Worker.JobRunner.RunAsync(AgentJobRequestMessage message, CancellationToken jobRequestCancellationToken)
[2025-10-25 20:21:25Z INFO JobRunner] Shutting down the job server queue.
[2025-10-25 20:21:25Z INFO JobServerQueue] Fire signal to shutdown all queues.
[2025-10-25 20:21:26Z INFO JobServerQueue] All queue process task stopped.
[2025-10-25 20:21:26Z INFO JobServerQueue] Try to append 1 batches web console lines for record 'a920611c-8f31-51c6-85f0-578e74a6601b', success rate: 1/1.
[2025-10-25 20:21:26Z INFO JobServerQueue] Try to append 1 batches web console lines for record '2fd0e2dc-8adf-4ebb-af06-7215643e2594', success rate: 1/1.
[2025-10-25 20:21:26Z INFO JobServerQueue] Web console line queue drained.
[2025-10-25 20:21:26Z INFO JobServerQueue] Uploading 2 files in one shot.
[2025-10-25 20:21:26Z INFO JobServerQueue] Try to upload 2 log files or attachments, success rate: 2/2.
[2025-10-25 20:21:26Z INFO JobServerQueue] File upload queue drained.
[2025-10-25 20:21:26Z INFO JobServerQueue] Starting results-based upload queue...
[2025-10-25 20:21:26Z INFO JobServerQueue] Uploading 2 file(s) in one shot through results service.
[2025-10-25 20:21:26Z INFO JobServerQueue] Got a step log file to send to results service.
[2025-10-25 20:21:26Z INFO JobServerQueue] Starting upload of step log file to results service ResultsLog, C:\Users\CTecn\Desktop\ecommerce-microservice-backend-app\actions-runner\_diag\blocks\3f36746c-8d95-42c5-9de1-efe3a12ccc63_2fd0e2dc-8adf-4ebb-af06-7215643e2594.1
[2025-10-25 20:21:27Z INFO JobServerQueue] Got a job log file to send to results service.
[2025-10-25 20:21:27Z INFO JobServerQueue] Starting upload of job log file to results service ResultsLog, C:\Users\CTecn\Desktop\ecommerce-microservice-backend-app\actions-runner\_diag\blocks\3f36746c-8d95-42c5-9de1-efe3a12ccc63_a920611c-8f31-51c6-85f0-578e74a6601b.1
[2025-10-25 20:21:27Z INFO JobServerQueue] Tried to upload 2 file(s) to results, success rate: 2/2.
[2025-10-25 20:21:27Z INFO JobServerQueue] Results upload queue drained.
[2025-10-25 20:21:27Z INFO JobServerQueue] Timeline update queue drained.
[2025-10-25 20:21:27Z INFO JobServerQueue] Disposing job server ...
[2025-10-25 20:21:27Z INFO JobServerQueue] Disposing results server ...
[2025-10-25 20:21:27Z INFO JobServerQueue] All queue process tasks have been stopped, and all queues are drained.
[2025-10-25 20:21:27Z INFO TempDirectoryManager] Cleaning runner temp folder: C:\Users\CTecn\Desktop\ecommerce-microservice-backend-app\actions-runner\_work\_temp
[2025-10-25 20:21:27Z INFO HostContext] Well known directory 'Bin': 'C:\Users\CTecn\Desktop\ecommerce-microservice-backend-app\actions-runner\bin'
[2025-10-25 20:21:27Z INFO HostContext] Well known directory 'Root': 'C:\Users\CTecn\Desktop\ecommerce-microservice-backend-app\actions-runner'
[2025-10-25 20:21:27Z INFO HostContext] Well known directory 'Diag': 'C:\Users\CTecn\Desktop\ecommerce-microservice-backend-app\actions-runner\_diag'
[2025-10-25 20:21:27Z INFO HostContext] Well known config file 'Telemetry': 'C:\Users\CTecn\Desktop\ecommerce-microservice-backend-app\actions-runner\_diag\.telemetry'
[2025-10-25 20:21:27Z INFO JobRunner] Raising job completed against run service
